#
# A fatal error has been detected by the Java Runtime Environment:
#
#  EXCEPTION_ACCESS_VIOLATION (0xc0000005) at pc=0x0000000062de3940, pid=1348, tid=0x00000000000011f0
#
# JRE version: OpenJDK Runtime Environment (8.0_76-b03) (build 1.8.0_76-release-b03)
# Java VM: OpenJDK 64-Bit Server VM (25.76-b03 mixed mode windows-amd64 compressed oops)
# Problematic frame:
# V  [jvm.dll+0x73940]
#
# Failed to write core dump. Minidumps are not enabled by default on client versions of Windows
#
# If you would like to submit a bug report, please visit:
#   http://bugreport.java.com/bugreport/crash.jsp
#

---------------  T H R E A D  ---------------

Current thread (0x0000000054f29000):  VMThread [stack: 0x0000000055f30000,0x0000000056030000] [id=4592]

siginfo: ExceptionCode=0xc0000005, reading address 0x0000008000000000

Registers:
RAX=0x0000000000000001, RBX=0x0000000000000001, RCX=0x0000000002a6d390, RDX=0x00000000634ee180
RSP=0x000000005602ebb0, RBP=0x0000000002a6d390, RSI=0x0000000000000000, RDI=0x0000008000000000
R8 =0x0000000000000001, R9 =0x0000000002800000, R10=0x0000000000000000, R11=0x000000005602eca0
R12=0x00000000634ee180, R13=0x0000000002a6d500, R14=0x000000006337cb80, R15=0x00000000634ee0f0
RIP=0x0000000062de3940, EFLAGS=0x0000000000010206

Top of Stack: (sp=0x000000005602ebb0)
0x000000005602ebb0:   00000000c02a2ef0 00000000634ee180
0x000000005602ebc0:   000000000000f000 0000000002a6ced0
0x000000005602ebd0:   0000000002a6d390 0000000062de42e5
0x000000005602ebe0:   0000000000000001 000000005602ec69
0x000000005602ebf0:   00000000634ee180 0000000002a6d390
0x000000005602ec00:   0000000000000000 0000000002a6ceb8
0x000000005602ec10:   0000000002a6ceb8 0000000002a6cd50
0x000000005602ec20:   0000000002a6d0ed 000000007728000a
0x000000005602ec30:   0000000002a6cea6 0000000000000000
0x000000005602ec40:   0000000002a6cec0 0000000002a6cec0
0x000000005602ec50:   0000000002a6d0c0 0000000002a6cec0
0x000000005602ec60:   0000000002a6d0c0 0000000002a6d0f8
0x000000005602ec70:   0000000063320078 000000005602ec00
0x000000005602ec80:   0000000000000000 0000000062db276d
0x000000005602ec90:   000000006337cb80 0000000062dda009
0x000000005602eca0:   00000000634ee0f0 000000006337cb80 

Instructions: (pc=0x0000000062de3940)
0x0000000062de3920:   54 48 83 ec 20 48 8b b9 f0 00 00 00 33 f6 4c 8b
0x0000000062de3930:   e2 48 8b e9 48 85 ff 74 61 48 89 5c 24 30 66 90
0x0000000062de3940:   48 8b 0f 48 8b 9f 10 01 00 00 48 85 c9 74 3b 49
0x0000000062de3950:   8b d4 e8 59 b2 08 00 84 c0 75 2f 48 85 f6 75 14 


Register to memory mapping:

RAX=0x0000000000000001 is an unknown value
RBX=0x0000000000000001 is an unknown value
RCX=0x0000000002a6d390 is at entry_point+-336 in (nmethod*)0x0000000002a6d390
RDX=0x00000000634ee180 is an unknown value
RSP=0x000000005602ebb0 is an unknown value
RBP=0x0000000002a6d390 is at entry_point+-336 in (nmethod*)0x0000000002a6d390
RSI=0x0000000000000000 is an unknown value
RDI=0x0000008000000000 is an unknown value
R8 =0x0000000000000001 is an unknown value
R9 =0x0000000002800000 is an unknown value
R10=0x0000000000000000 is an unknown value
R11=0x000000005602eca0 is an unknown value
R12=0x00000000634ee180 is an unknown value
R13=0x0000000002a6d500 is at entry_point+32 in (nmethod*)0x0000000002a6d390
R14=0x000000006337cb80 is an unknown value
R15=0x00000000634ee0f0 is an unknown value


Stack: [0x0000000055f30000,0x0000000056030000],  sp=0x000000005602ebb0,  free space=1018k
Native frames: (J=compiled Java code, j=interpreted, Vv=VM code, C=native code)
V  [jvm.dll+0x73940]
V  [jvm.dll+0x742e5]
V  [jvm.dll+0x6a4df]
V  [jvm.dll+0x3c50e9]
V  [jvm.dll+0x3c642e]
V  [jvm.dll+0x3c6a3b]
V  [jvm.dll+0x89f45]
V  [jvm.dll+0x26358c]
V  [jvm.dll+0x221e17]
V  [jvm.dll+0x2210c2]
V  [jvm.dll+0x221541]
V  [jvm.dll+0x22175e]
V  [jvm.dll+0x26b60a]
C  [msvcr100.dll+0x21d9f]
C  [msvcr100.dll+0x21e3b]
C  [kernel32.dll+0x159ed]
C  [ntdll.dll+0x2b371]

VM_Operation (0x000000005992b710): CollectForMetadataAllocation, mode: safepoint, requested by thread 0x0000000058b49000


---------------  P R O C E S S  ---------------

Java Threads: ( => current thread )
  0x0000000058b4a800 JavaThread "Stdin handler" [_thread_blocked, id=5256, stack(0x000000005b010000,0x000000005b110000)]
  0x0000000058b4b000 JavaThread "Asynchronous log dispatcher for DefaultDaemonConnection: socket connection from /127.0.0.1:53649 to /127.0.0.1:61539" [_thread_blocked, id=5252, stack(0x0000000059490000,0x0000000059590000)]
  0x0000000058b49000 JavaThread "Daemon worker Thread 2" [_thread_blocked, id=5240, stack(0x0000000059830000,0x0000000059930000)]
  0x0000000058b49800 JavaThread "Cancel handler" [_thread_blocked, id=5236, stack(0x00000000596b0000,0x00000000597b0000)]
  0x0000000058b46800 JavaThread "Handler for socket connection from /127.0.0.1:53649 to /127.0.0.1:61539" [_thread_in_native, id=5228, stack(0x00000000595a0000,0x00000000596a0000)]
  0x0000000058b48000 JavaThread "Daemon Thread 2" [_thread_blocked, id=5224, stack(0x00000000592f0000,0x00000000593f0000)]
  0x0000000058b46000 JavaThread "pool-2-thread-1" [_thread_blocked, id=3816, stack(0x000000005c230000,0x000000005c330000)]
  0x0000000058692800 JavaThread "File lock request listener" [_thread_in_native, id=3496, stack(0x000000005acb0000,0x000000005adb0000)]
  0x0000000058a2a800 JavaThread "pool-1-thread-1" [_thread_blocked, id=4660, stack(0x0000000056450000,0x0000000056550000)]
  0x00000000580a1800 JavaThread "Incoming local TCP Connector on port 53649" [_thread_in_native, id=4320, stack(0x0000000058f80000,0x0000000059080000)]
  0x0000000054f95800 JavaThread "Service Thread" daemon [_thread_blocked, id=4436, stack(0x0000000057090000,0x0000000057190000)]
  0x0000000054f93000 JavaThread "C1 CompilerThread2" daemon [_thread_blocked, id=4804, stack(0x0000000056aa0000,0x0000000056ba0000)]
  0x0000000054f91000 JavaThread "C2 CompilerThread1" daemon [_thread_blocked, id=4408, stack(0x0000000056670000,0x0000000056770000)]
  0x0000000054f8f000 JavaThread "C2 CompilerThread0" daemon [_thread_blocked, id=4732, stack(0x00000000569a0000,0x0000000056aa0000)]
  0x0000000054f9d000 JavaThread "Attach Listener" daemon [_thread_blocked, id=3440, stack(0x0000000056770000,0x0000000056870000)]
  0x0000000054f9b800 JavaThread "Signal Dispatcher" daemon [_thread_blocked, id=4760, stack(0x0000000056570000,0x0000000056670000)]
  0x0000000054f77800 JavaThread "Finalizer" daemon [_thread_blocked, id=2112, stack(0x0000000056330000,0x0000000056430000)]
  0x0000000054f30800 JavaThread "Reference Handler" daemon [_thread_blocked, id=2136, stack(0x00000000560f0000,0x00000000561f0000)]
  0x000000000043e800 JavaThread "main" [_thread_blocked, id=4524, stack(0x0000000002430000,0x0000000002530000)]

Other Threads:
=>0x0000000054f29000 VMThread [stack: 0x0000000055f30000,0x0000000056030000] [id=4592]
  0x0000000054f97000 WatcherThread [stack: 0x0000000057240000,0x0000000057340000] [id=1708]

VM state:at safepoint (normal execution)

VM Mutex/Monitor currently owned by a thread:  ([mutex/lock_event])
[0x000000000043ccd0] Threads_lock - owner thread: 0x0000000054f29000
[0x000000000043d1d0] Heap_lock - owner thread: 0x0000000058b49000

Heap:
 PSYoungGen      total 306176K, used 10255K [0x00000000eab00000, 0x0000000100000000, 0x0000000100000000)
  eden space 279040K, 0% used [0x00000000eab00000,0x00000000eab00000,0x00000000fbb80000)
  from space 27136K, 37% used [0x00000000fbb80000,0x00000000fc583d50,0x00000000fd600000)
  to   space 26112K, 0% used [0x00000000fe680000,0x00000000fe680000,0x0000000100000000)
 ParOldGen       total 102400K, used 51094K [0x00000000c0000000, 0x00000000c6400000, 0x00000000eab00000)
  object space 102400K, 49% used [0x00000000c0000000,0x00000000c31e5ae0,0x00000000c6400000)
 Metaspace       used 56598K, capacity 59053K, committed 59096K, reserved 1099776K
  class space    used 7606K, capacity 8149K, committed 8192K, reserved 1048576K

Card table byte_map: [0x0000000011bc0000,0x0000000011dd0000] byte_map_base: 0x00000000115c0000

Marking Bits: (ParMarkBitMap*) 0x0000000063529d00
 Begin Bits: [0x00000000123a0000, 0x00000000133a0000)
 End Bits:   [0x00000000133a0000, 0x00000000143a0000)

Polling page: 0x0000000000130000

CodeCache: size=245760Kb used=24839Kb max_used=24873Kb free=220920Kb
 bounds [0x0000000002800000, 0x0000000004090000, 0x0000000011800000]
 total_blobs=8307 nmethods=7554 adapters=665
 compilation: enabled

Compilation events (10 events):
Event: 8550.317 Thread 0x0000000054f91000 8924       4       java.lang.StringBuilder::append (8 bytes)
Event: 8550.319 Thread 0x0000000054f91000 nmethod 8924 0x0000000002c15b90 code [0x0000000002c15ce0, 0x0000000002c15d48]
Event: 8552.102 Thread 0x0000000054f93000 8925       3       java.net.URI::isOpaque (13 bytes)
Event: 8552.102 Thread 0x0000000054f93000 nmethod 8925 0x00000000038b72d0 code [0x00000000038b7420, 0x00000000038b75d0]
Event: 8552.148 Thread 0x0000000054f93000 8926   !   3       org.gradle.internal.event.DefaultListenerManager::getBroadcasterInternal (152 bytes)
Event: 8552.172 Thread 0x0000000054f93000 nmethod 8926 0x000000000406e090 code [0x000000000406e320, 0x000000000406f4c8]
Event: 8552.185 Thread 0x0000000054f93000 8927   !   3       org.gradle.internal.dispatch.ProxyDispatchAdapter::<init> (152 bytes)
Event: 8552.289 Thread 0x0000000054f93000 nmethod 8927 0x0000000003bb9c50 code [0x0000000003bba040, 0x0000000003bbca98]
Event: 8552.305 Thread 0x0000000054f93000 8928       3       org.gradle.internal.dispatch.ProxyDispatchAdapter$DispatchingInvocationHandler::<init> (7 bytes)
Event: 8552.305 Thread 0x0000000054f93000 nmethod 8928 0x0000000002b23fd0 code [0x0000000002b24140, 0x0000000002b24370]

GC Heap History (10 events):
Event: 15.315 GC heap after
Heap after GC invocations=9 (full 2):
 PSYoungGen      total 156672K, used 11872K [0x00000000eab00000, 0x00000000f9f80000, 0x0000000100000000)
  eden space 142336K, 0% used [0x00000000eab00000,0x00000000eab00000,0x00000000f3600000)
  from space 14336K, 82% used [0x00000000f3600000,0x00000000f4198108,0x00000000f4400000)
  to   space 15360K, 0% used [0x00000000f9080000,0x00000000f9080000,0x00000000f9f80000)
 ParOldGen       total 102400K, used 19101K [0x00000000c0000000, 0x00000000c6400000, 0x00000000eab00000)
  object space 102400K, 18% used [0x00000000c0000000,0x00000000c12a7748,0x00000000c6400000)
 Metaspace       used 42797K, capacity 43820K, committed 44160K, reserved 1087488K
  class space    used 5752K, capacity 5939K, committed 6016K, reserved 1048576K
}
Event: 15.988 GC heap before
{Heap before GC invocations=10 (full 2):
 PSYoungGen      total 156672K, used 154208K [0x00000000eab00000, 0x00000000f9f80000, 0x0000000100000000)
  eden space 142336K, 100% used [0x00000000eab00000,0x00000000f3600000,0x00000000f3600000)
  from space 14336K, 82% used [0x00000000f3600000,0x00000000f4198108,0x00000000f4400000)
  to   space 15360K, 0% used [0x00000000f9080000,0x00000000f9080000,0x00000000f9f80000)
 ParOldGen       total 102400K, used 19101K [0x00000000c0000000, 0x00000000c6400000, 0x00000000eab00000)
  object space 102400K, 18% used [0x00000000c0000000,0x00000000c12a7748,0x00000000c6400000)
 Metaspace       used 43262K, capacity 44332K, committed 44416K, reserved 1087488K
  class space    used 5768K, capacity 5987K, committed 6016K, reserved 1048576K
Event: 16.004 GC heap after
Heap after GC invocations=10 (full 2):
 PSYoungGen      total 232960K, used 15348K [0x00000000eab00000, 0x00000000fa400000, 0x0000000100000000)
  eden space 217600K, 0% used [0x00000000eab00000,0x00000000eab00000,0x00000000f7f80000)
  from space 15360K, 99% used [0x00000000f9080000,0x00000000f9f7d2f0,0x00000000f9f80000)
  to   space 17408K, 0% used [0x00000000f7f80000,0x00000000f7f80000,0x00000000f9080000)
 ParOldGen       total 102400K, used 19136K [0x00000000c0000000, 0x00000000c6400000, 0x00000000eab00000)
  object space 102400K, 18% used [0x00000000c0000000,0x00000000c12b0298,0x00000000c6400000)
 Metaspace       used 43262K, capacity 44332K, committed 44416K, reserved 1087488K
  class space    used 5768K, capacity 5987K, committed 6016K, reserved 1048576K
}
Event: 16.984 GC heap before
{Heap before GC invocations=11 (full 2):
 PSYoungGen      total 232960K, used 232948K [0x00000000eab00000, 0x00000000fa400000, 0x0000000100000000)
  eden space 217600K, 100% used [0x00000000eab00000,0x00000000f7f80000,0x00000000f7f80000)
  from space 15360K, 99% used [0x00000000f9080000,0x00000000f9f7d2f0,0x00000000f9f80000)
  to   space 17408K, 0% used [0x00000000f7f80000,0x00000000f7f80000,0x00000000f9080000)
 ParOldGen       total 102400K, used 19136K [0x00000000c0000000, 0x00000000c6400000, 0x00000000eab00000)
  object space 102400K, 18% used [0x00000000c0000000,0x00000000c12b0298,0x00000000c6400000)
 Metaspace       used 43647K, capacity 44748K, committed 45056K, reserved 1087488K
  class space    used 5800K, capacity 6035K, committed 6144K, reserved 1048576K
Event: 16.998 GC heap after
Heap after GC invocations=11 (full 2):
 PSYoungGen      total 235008K, used 17078K [0x00000000eab00000, 0x00000000fe980000, 0x0000000100000000)
  eden space 217600K, 0% used [0x00000000eab00000,0x00000000eab00000,0x00000000f7f80000)
  from space 17408K, 98% used [0x00000000f7f80000,0x00000000f902db00,0x00000000f9080000)
  to   space 19968K, 0% used [0x00000000fd600000,0x00000000fd600000,0x00000000fe980000)
 ParOldGen       total 102400K, used 19144K [0x00000000c0000000, 0x00000000c6400000, 0x00000000eab00000)
  object space 102400K, 18% used [0x00000000c0000000,0x00000000c12b2298,0x00000000c6400000)
 Metaspace       used 43647K, capacity 44748K, committed 45056K, reserved 1087488K
  class space    used 5800K, capacity 6035K, committed 6144K, reserved 1048576K
}
Event: 19.257 GC heap before
{Heap before GC invocations=12 (full 2):
 PSYoungGen      total 235008K, used 234678K [0x00000000eab00000, 0x00000000fe980000, 0x0000000100000000)
  eden space 217600K, 100% used [0x00000000eab00000,0x00000000f7f80000,0x00000000f7f80000)
  from space 17408K, 98% used [0x00000000f7f80000,0x00000000f902db00,0x00000000f9080000)
  to   space 19968K, 0% used [0x00000000fd600000,0x00000000fd600000,0x00000000fe980000)
 ParOldGen       total 102400K, used 19144K [0x00000000c0000000, 0x00000000c6400000, 0x00000000eab00000)
  object space 102400K, 18% used [0x00000000c0000000,0x00000000c12b2298,0x00000000c6400000)
 Metaspace       used 50964K, capacity 53040K, committed 53376K, reserved 1095680K
  class space    used 6996K, capacity 7451K, committed 7552K, reserved 1048576K
Event: 19.305 GC heap after
Heap after GC invocations=12 (full 2):
 PSYoungGen      total 299008K, used 19949K [0x00000000eab00000, 0x00000000ff800000, 0x0000000100000000)
  eden space 279040K, 0% used [0x00000000eab00000,0x00000000eab00000,0x00000000fbb80000)
  from space 19968K, 99% used [0x00000000fd600000,0x00000000fe97b440,0x00000000fe980000)
  to   space 27136K, 0% used [0x00000000fbb80000,0x00000000fbb80000,0x00000000fd600000)
 ParOldGen       total 102400K, used 31789K [0x00000000c0000000, 0x00000000c6400000, 0x00000000eab00000)
  object space 102400K, 31% used [0x00000000c0000000,0x00000000c1f0b7e8,0x00000000c6400000)
 Metaspace       used 50964K, capacity 53040K, committed 53376K, reserved 1095680K
  class space    used 6996K, capacity 7451K, committed 7552K, reserved 1048576K
}
Event: 8553.616 GC heap before
{Heap before GC invocations=13 (full 2):
 PSYoungGen      total 299008K, used 291184K [0x00000000eab00000, 0x00000000ff800000, 0x0000000100000000)
  eden space 279040K, 97% used [0x00000000eab00000,0x00000000fb3e0fa8,0x00000000fbb80000)
  from space 19968K, 99% used [0x00000000fd600000,0x00000000fe97b440,0x00000000fe980000)
  to   space 27136K, 0% used [0x00000000fbb80000,0x00000000fbb80000,0x00000000fd600000)
 ParOldGen       total 102400K, used 31789K [0x00000000c0000000, 0x00000000c6400000, 0x00000000eab00000)
  object space 102400K, 31% used [0x00000000c0000000,0x00000000c1f0b7e8,0x00000000c6400000)
 Metaspace       used 56598K, capacity 59053K, committed 59096K, reserved 1099776K
  class space    used 7606K, capacity 8149K, committed 8192K, reserved 1048576K
Event: 8569.480 GC heap after
Heap after GC invocations=13 (full 2):
 PSYoungGen      total 306176K, used 10255K [0x00000000eab00000, 0x0000000100000000, 0x0000000100000000)
  eden space 279040K, 0% used [0x00000000eab00000,0x00000000eab00000,0x00000000fbb80000)
  from space 27136K, 37% used [0x00000000fbb80000,0x00000000fc583d50,0x00000000fd600000)
  to   space 26112K, 0% used [0x00000000fe680000,0x00000000fe680000,0x0000000100000000)
 ParOldGen       total 102400K, used 51094K [0x00000000c0000000, 0x00000000c6400000, 0x00000000eab00000)
  object space 102400K, 49% used [0x00000000c0000000,0x00000000c31e5ae0,0x00000000c6400000)
 Metaspace       used 56598K, capacity 59053K, committed 59096K, reserved 1099776K
  class space    used 7606K, capacity 8149K, committed 8192K, reserved 1048576K
}
Event: 8569.480 GC heap before
{Heap before GC invocations=14 (full 3):
 PSYoungGen      total 306176K, used 10255K [0x00000000eab00000, 0x0000000100000000, 0x0000000100000000)
  eden space 279040K, 0% used [0x00000000eab00000,0x00000000eab00000,0x00000000fbb80000)
  from space 27136K, 37% used [0x00000000fbb80000,0x00000000fc583d50,0x00000000fd600000)
  to   space 26112K, 0% used [0x00000000fe680000,0x00000000fe680000,0x0000000100000000)
 ParOldGen       total 102400K, used 51094K [0x00000000c0000000, 0x00000000c6400000, 0x00000000eab00000)
  object space 102400K, 49% used [0x00000000c0000000,0x00000000c31e5ae0,0x00000000c6400000)
 Metaspace       used 56598K, capacity 59053K, committed 59096K, reserved 1099776K
  class space    used 7606K, capacity 8149K, committed 8192K, reserved 1048576K

Deoptimization events (10 events):
Event: 611.564 Thread 0x0000000058b46000 Uncommon trap: reason=null_check action=make_not_entrant pc=0x0000000003c973a4 method=sun.nio.fs.NativeBuffers.releaseNativeBuffer(Lsun/nio/fs/NativeBuffer;)V @ 6
Event: 611.564 Thread 0x0000000058b46000 Uncommon trap: reason=unstable_if action=reinterpret pc=0x000000000399fc00 method=sun.nio.fs.NativeBuffers.getNativeBufferFromCache(I)Lsun/nio/fs/NativeBuffer; @ 18
Event: 4641.787 Thread 0x0000000058a2a800 Uncommon trap: reason=class_check action=maybe_recompile pc=0x00000000039cae5c method=java.lang.ThreadLocal.setInitialValue()Ljava/lang/Object; @ 31
Event: 8549.517 Thread 0x0000000058b46800 Uncommon trap: reason=class_check action=maybe_recompile pc=0x0000000002ec0290 method=java.lang.reflect.Array.newInstance(Ljava/lang/Class;I)Ljava/lang/Object; @ 2
Event: 8549.809 Thread 0x0000000058b46800 Uncommon trap: reason=class_check action=maybe_recompile pc=0x0000000002ec0290 method=java.lang.reflect.Array.newInstance(Ljava/lang/Class;I)Ljava/lang/Object; @ 2
Event: 8550.042 Thread 0x0000000058b48000 Uncommon trap: reason=unstable_if action=reinterpret pc=0x0000000002ec3cac method=org.gradle.internal.logging.sink.OutputEventRenderer$2.onOutput(Lorg/gradle/internal/logging/events/OutputEvent;)V @ 7
Event: 8550.042 Thread 0x0000000058b48000 Uncommon trap: reason=unstable_if action=reinterpret pc=0x0000000002a3dac0 method=org.gradle.internal.logging.sink.OutputEventRenderer$1.onOutput(Lorg/gradle/internal/logging/events/OutputEvent;)V @ 7
Event: 8550.042 Thread 0x0000000058b48000 Uncommon trap: reason=unstable_if action=reinterpret pc=0x0000000004054718 method=org.gradle.internal.logging.console.StyledTextOutputBackedRenderer.onOutput(Lorg/gradle/internal/logging/events/OutputEvent;)V @ 54
Event: 8551.660 Thread 0x0000000058b49000 Uncommon trap: reason=unstable_if action=reinterpret pc=0x0000000004040c4c method=java.text.DecimalFormat.subformat(Ljava/lang/StringBuffer;Ljava/text/Format$FieldDelegate;ZZIIII)Ljava/lang/StringBuffer; @ 814
Event: 8552.464 Thread 0x0000000058b49000 Uncommon trap: reason=unstable_if action=reinterpret pc=0x000000000401ea60 method=org.gradle.internal.io.StreamByteBuffer.prepareRead()I @ 30

Internal exceptions (10 events):
Event: 23.252 Thread 0x0000000058429800 Exception <a 'sun/nio/fs/WindowsException'> (0x00000000f3227858) thrown at [C:\src\android\AOSP-openjdk\external\jetbrains\jdk\hotspot\src\share\vm\prims\jni.cpp, line 709]
Event: 24.214 Thread 0x0000000058429800 Exception <a 'java/lang/NoSuchMethodError': <clinit>> (0x00000000f4174790) thrown at [C:\src\android\AOSP-openjdk\external\jetbrains\jdk\hotspot\src\share\vm\prims\jni.cpp, line 1591]
Event: 24.227 Thread 0x0000000058429800 Exception <a 'java/lang/NoSuchMethodError': <clinit>> (0x00000000f4181ff8) thrown at [C:\src\android\AOSP-openjdk\external\jetbrains\jdk\hotspot\src\share\vm\prims\jni.cpp, line 1591]
Event: 24.243 Thread 0x0000000058429800 Exception <a 'java/lang/NoSuchMethodError': <clinit>> (0x00000000f41f5808) thrown at [C:\src\android\AOSP-openjdk\external\jetbrains\jdk\hotspot\src\share\vm\prims\jni.cpp, line 1591]
Event: 24.244 Thread 0x0000000058429800 Exception <a 'java/lang/NoSuchMethodError': <clinit>> (0x00000000f420e560) thrown at [C:\src\android\AOSP-openjdk\external\jetbrains\jdk\hotspot\src\share\vm\prims\jni.cpp, line 1591]
Event: 24.244 Thread 0x0000000058429800 Exception <a 'java/lang/NoSuchMethodError': <clinit>> (0x00000000f42101e0) thrown at [C:\src\android\AOSP-openjdk\external\jetbrains\jdk\hotspot\src\share\vm\prims\jni.cpp, line 1591]
Event: 27.824 Thread 0x0000000058429800 Exception <a 'sun/nio/fs/WindowsException'> (0x00000000f5c6c1d0) thrown at [C:\src\android\AOSP-openjdk\external\jetbrains\jdk\hotspot\src\share\vm\prims\jni.cpp, line 709]
Event: 611.564 Thread 0x0000000058b46000 Exception <a 'sun/nio/fs/WindowsException'> (0x00000000ee4f4ba8) thrown at [C:\src\android\AOSP-openjdk\external\jetbrains\jdk\hotspot\src\share\vm\prims\jni.cpp, line 709]
Event: 611.564 Thread 0x0000000058b46000 Implicit null exception at 0x0000000003c971c2 to 0x0000000003c97395
Event: 622.235 Thread 0x0000000058b46000 Exception <a 'sun/nio/fs/WindowsException'> (0x00000000ee4f6350) thrown at [C:\src\android\AOSP-openjdk\external\jetbrains\jdk\hotspot\src\share\vm\prims\jni.cpp, line 709]

Events (10 events):
Event: 8553.562 Executing VM operation: RevokeBias done
Event: 8553.562 Executing VM operation: RevokeBias
Event: 8553.562 Executing VM operation: RevokeBias done
Event: 8553.562 Executing VM operation: RevokeBias
Event: 8553.562 Executing VM operation: RevokeBias done
Event: 8553.562 Executing VM operation: RevokeBias
Event: 8553.562 Executing VM operation: RevokeBias done
Event: 8553.562 Executing VM operation: RevokeBias
Event: 8553.562 Executing VM operation: RevokeBias done
Event: 8553.590 Executing VM operation: CollectForMetadataAllocation


Dynamic libraries:
0x000000013f7d0000 - 0x000000013f801000 	C:\Program Files\Android\Android Studio5\jre\bin\java.exe
0x0000000077480000 - 0x000000007762a000 	C:\Windows\SYSTEM32\ntdll.dll
0x0000000077260000 - 0x000000007737f000 	C:\Windows\system32\kernel32.dll
0x000007fefd570000 - 0x000007fefd5db000 	C:\Windows\system32\KERNELBASE.dll
0x000007fefd700000 - 0x000007fefd7db000 	C:\Windows\system32\ADVAPI32.dll
0x000007fefe640000 - 0x000007fefe6df000 	C:\Windows\system32\msvcrt.dll
0x000007feff290000 - 0x000007feff2af000 	C:\Windows\SYSTEM32\sechost.dll
0x000007feff2b0000 - 0x000007feff3dd000 	C:\Windows\system32\RPCRT4.dll
0x0000000077380000 - 0x000000007747a000 	C:\Windows\system32\USER32.dll
0x000007feff3e0000 - 0x000007feff447000 	C:\Windows\system32\GDI32.dll
0x000007feff6b0000 - 0x000007feff6be000 	C:\Windows\system32\LPK.dll
0x000007fefd7e0000 - 0x000007fefd8aa000 	C:\Windows\system32\USP10.dll
0x000007fefbc60000 - 0x000007fefbe54000 	C:\Windows\WinSxS\amd64_microsoft.windows.common-controls_6595b64144ccf1df_6.0.7601.18837_none_fa3b1e3d17594757\COMCTL32.dll
0x000007feff710000 - 0x000007feff781000 	C:\Windows\system32\SHLWAPI.dll
0x000007fefee80000 - 0x000007fefeeae000 	C:\Windows\system32\IMM32.DLL
0x000007fefd5f0000 - 0x000007fefd6f9000 	C:\Windows\system32\MSCTF.dll
0x00000000635e0000 - 0x00000000636b2000 	C:\Program Files\Android\Android Studio5\jre\jre\bin\msvcr100.dll
0x0000000062d70000 - 0x00000000635a4000 	C:\Program Files\Android\Android Studio5\jre\jre\bin\server\jvm.dll
0x000007fef9c70000 - 0x000007fef9c79000 	C:\Windows\system32\WSOCK32.dll
0x000007feff6c0000 - 0x000007feff70d000 	C:\Windows\system32\WS2_32.dll
0x000007fefeeb0000 - 0x000007fefeeb8000 	C:\Windows\system32\NSI.dll
0x000007fefac80000 - 0x000007fefacbb000 	C:\Windows\system32\WINMM.dll
0x000007fefc320000 - 0x000007fefc32c000 	C:\Windows\system32\VERSION.dll
0x0000000077650000 - 0x0000000077657000 	C:\Windows\system32\PSAPI.DLL
0x000007fef9c80000 - 0x000007fef9c8f000 	C:\Program Files\Android\Android Studio5\jre\jre\bin\verify.dll
0x000007fef9b70000 - 0x000007fef9b99000 	C:\Program Files\Android\Android Studio5\jre\jre\bin\java.dll
0x000007fef9c50000 - 0x000007fef9c66000 	C:\Program Files\Android\Android Studio5\jre\jre\bin\zip.dll
0x000007fefd8b0000 - 0x000007fefe639000 	C:\Windows\system32\SHELL32.dll
0x000007fefec50000 - 0x000007fefee53000 	C:\Windows\system32\ole32.dll
0x000007fefd240000 - 0x000007fefd24f000 	C:\Windows\system32\profapi.dll
0x000007fef9b50000 - 0x000007fef9b6a000 	C:\Program Files\Android\Android Studio5\jre\jre\bin\net.dll
0x000007fefc9d0000 - 0x000007fefca25000 	C:\Windows\system32\mswsock.dll
0x000007fefc9c0000 - 0x000007fefc9c7000 	C:\Windows\System32\wship6.dll
0x000007fef8070000 - 0x000007fef8081000 	C:\Program Files\Android\Android Studio5\jre\jre\bin\nio.dll
0x000007fef7ef0000 - 0x000007fef7f0e000 	C:\Users\user\.gradle\native\23\windows-amd64\native-platform.dll
0x000007fefca30000 - 0x000007fefca48000 	C:\Windows\system32\CRYPTSP.dll
0x000007fefc730000 - 0x000007fefc777000 	C:\Windows\system32\rsaenh.dll
0x000007fefd4a0000 - 0x000007fefd4be000 	C:\Windows\system32\USERENV.dll
0x000007fefd0d0000 - 0x000007fefd0df000 	C:\Windows\system32\CRYPTBASE.dll
0x000007fefb0e0000 - 0x000007fefb107000 	C:\Windows\system32\IPHLPAPI.DLL
0x000007fefb0c0000 - 0x000007fefb0cb000 	C:\Windows\system32\WINNSI.DLL
0x000007fefaf50000 - 0x000007fefaf61000 	C:\Windows\system32\dhcpcsvc6.DLL
0x000007fefaed0000 - 0x000007fefaee8000 	C:\Windows\system32\dhcpcsvc.DLL
0x000007fef9c40000 - 0x000007fef9c4d000 	C:\Program Files\Android\Android Studio5\jre\jre\bin\management.dll
0x000007fefd070000 - 0x000007fefd0c7000 	C:\Windows\system32\apphelp.dll
0x000007feee0d0000 - 0x000007feee1f5000 	C:\Windows\system32\dbghelp.dll

VM Arguments:
jvm_args: -XX:MaxPermSize=256m -XX:+HeapDumpOnOutOfMemoryError -Xmx1024m -Dfile.encoding=windows-1252 -Duser.country=US -Duser.language=en -Duser.variant 
java_command: org.gradle.launcher.daemon.bootstrap.GradleDaemon 3.3
java_class_path (initial): C:\Users\user\.gradle\wrapper\dists\gradle-3.3-all\55gk2rcmfc6p2dg9u9ohc3hw9\gradle-3.3\lib\gradle-launcher-3.3.jar
Launcher Type: SUN_STANDARD

Environment Variables:
PATH=C:\ProgramData\Oracle\Java\javapath;C:\Program Files\Java\jdk1.8.0_66\bin;C:\Program Files\nodejs\;C:\Program Files\Git\cmd;C:\Program Files (x86)\Skype\Phone\;C:\Users\user\AppData\Roaming\npm
USERNAME=user
OS=Windows_NT
PROCESSOR_IDENTIFIER=Intel64 Family 6 Model 60 Stepping 3, GenuineIntel



---------------  S Y S T E M  ---------------

OS: Windows 7 , 64 bit Build 7601 (6.1.7601.19135)

CPU:total 4 (2 cores per cpu, 2 threads per core) family 6 model 60 stepping 3, cmov, cx8, fxsr, mmx, sse, sse2, sse3, ssse3, sse4.1, sse4.2, popcnt, avx, avx2, aes, clmul, erms, lzcnt, ht, tsc, tscinvbit, bmi1, bmi2

Memory: 4k page, physical 8285812k(2258260k free), swap 16569788k(9134780k free)

vm_info: OpenJDK 64-Bit Server VM (25.76-b03) for windows-amd64 JRE (1.8.0_76-release-b03), built on Jun 29 2016 19:09:20 by "ralucas" with MS VC++ 10.0 (VS2010)

time: Mon Jun 05 15:25:30 2017
elapsed time: 8572 seconds (0d 2h 22m 52s)

