#
# A fatal error has been detected by the Java Runtime Environment:
#
#  EXCEPTION_ACCESS_VIOLATION (0xc0000005) at pc=0x000000006be866a9, pid=504, tid=0x0000000000000e74
#
# JRE version: OpenJDK Runtime Environment (8.0_76-b03) (build 1.8.0_76-release-b03)
# Java VM: OpenJDK 64-Bit Server VM (25.76-b03 mixed mode windows-amd64 compressed oops)
# Problematic frame:
# V  [jvm.dll+0x4866a9]
#
# Failed to write core dump. Minidumps are not enabled by default on client versions of Windows
#
# If you would like to submit a bug report, please visit:
#   http://bugreport.java.com/bugreport/crash.jsp
#

---------------  T H R E A D  ---------------

Current thread (0x0000000054ece000):  JavaThread "C2 CompilerThread1" daemon [_thread_in_native, id=3700, stack(0x0000000056780000,0x0000000056880000)]

siginfo: ExceptionCode=0xc0000005, reading address 0x000000085689c060

Registers:
RAX=0x00000000577caf18, RBX=0x000000085689c060, RCX=0x0000000000000001, RDX=0x0000000000000000
RSP=0x000000005687bbc0, RBP=0x000000005687c0b0, RSI=0x000000005687c0d0, RDI=0x000000005687bc88
R8 =0x0000000000000002, R9 =0x0000000000000000, R10=0xffffffffffffffff, R11=0x0000000000000002
R12=0x000000005687bc68, R13=0x0000000000000088, R14=0x00000000577c7fd8, R15=0x0000000000000011
RIP=0x000000006be866a9, EFLAGS=0x0000000000010206

Top of Stack: (sp=0x000000005687bbc0)
0x000000005687bbc0:   0000000056afd020 0000000000000020
0x000000005687bbd0:   000000005687bc88 000000005687bc68
0x000000005687bbe0:   00000000569b4e30 0000000054ec9ba0
0x000000005687bbf0:   0000000000000003 0000000000000002
0x000000005687bc00:   000000005689c060 0000000057a79fa0
0x000000005687bc10:   0000000054ec9ba0 000000005687c0b0
0x000000005687bc20:   000000005687bd30 000000006be8874b
0x000000005687bc30:   000000005687c0b0 000000005687bc88
0x000000005687bc40:   0000000000000030 000000005687bcd8
0x000000005687bc50:   0000000057a79ff0 0000000057a81f88
0x000000005687bc60:   0000000000058298 0000000054ec9ba0
0x000000005687bc70:   0000000000000100 00000000577d4a90
0x000000005687bc80:   0000000000000092 000000006c02f3f8
0x000000005687bc90:   0000000054ec9ba0 0000000000000080
0x000000005687bca0:   00000000577d5290 0000000000000003
0x000000005687bcb0:   0000000057a79fa0 0000000054ec9ba0 

Instructions: (pc=0x000000006be866a9)
0x000000006be86689:   00 00 0f 1f 44 00 00 49 8b 46 08 41 ff c7 49 83
0x000000006be86699:   c5 08 49 8b 5c 05 f8 48 85 db 0f 84 d3 00 00 00
0x000000006be866a9:   48 8b 03 48 8b cb ff 90 b0 00 00 00 84 c0 74 37
0x000000006be866b9:   48 8b 03 48 8b cb ff 50 10 84 c0 75 2a 48 8b 43 


Register to memory mapping:

RAX=0x00000000577caf18 is an unknown value
RBX=0x000000085689c060 is an unknown value
RCX=0x0000000000000001 is an unknown value
RDX=0x0000000000000000 is an unknown value
RSP=0x000000005687bbc0 is pointing into the stack for thread: 0x0000000054ece000
RBP=0x000000005687c0b0 is pointing into the stack for thread: 0x0000000054ece000
RSI=0x000000005687c0d0 is pointing into the stack for thread: 0x0000000054ece000
RDI=0x000000005687bc88 is pointing into the stack for thread: 0x0000000054ece000
R8 =0x0000000000000002 is an unknown value
R9 =0x0000000000000000 is an unknown value
R10=0xffffffffffffffff is an unknown value
R11=0x0000000000000002 is an unknown value
R12=0x000000005687bc68 is pointing into the stack for thread: 0x0000000054ece000
R13=0x0000000000000088 is an unknown value
R14=0x00000000577c7fd8 is an unknown value
R15=0x0000000000000011 is an unknown value


Stack: [0x0000000056780000,0x0000000056880000],  sp=0x000000005687bbc0,  free space=1006k
Native frames: (J=compiled Java code, j=interpreted, Vv=VM code, C=native code)
V  [jvm.dll+0x4866a9]
V  [jvm.dll+0x48874b]
V  [jvm.dll+0x43a6f6]
V  [jvm.dll+0x43ba43]
V  [jvm.dll+0x41f212]
V  [jvm.dll+0x806e9]
V  [jvm.dll+0x8101f]
V  [jvm.dll+0x21bc14]
V  [jvm.dll+0x26b60a]
C  [msvcr100.dll+0x21d9f]
C  [msvcr100.dll+0x21e3b]
C  [kernel32.dll+0x1f56d]
C  [ntdll.dll+0x33281]


Current CompileTask:
C2:   1820 1056       4       com.android.dx.ssa.SsaBasicBlock::forEachInsn (37 bytes)


---------------  P R O C E S S  ---------------

Java Threads: ( => current thread )
  0x0000000056b9a000 JavaThread "pool-1-thread-4" [_thread_blocked, id=656, stack(0x0000000057630000,0x0000000057730000)]
  0x0000000056b94000 JavaThread "pool-1-thread-3" [_thread_blocked, id=3164, stack(0x0000000057370000,0x0000000057470000)]
  0x0000000056b93000 JavaThread "pool-1-thread-2" [_thread_blocked, id=2860, stack(0x00000000574a0000,0x00000000575a0000)]
  0x0000000056adf800 JavaThread "pool-2-thread-1" [_thread_blocked, id=3996, stack(0x0000000056ce0000,0x0000000056de0000)]
  0x0000000056adb800 JavaThread "pool-1-thread-1" [_thread_blocked, id=3256, stack(0x00000000571c0000,0x00000000572c0000)]
  0x00000000568dc800 JavaThread "Service Thread" daemon [_thread_blocked, id=3332, stack(0x0000000056f70000,0x0000000057070000)]
  0x00000000568db800 JavaThread "C1 CompilerThread2" daemon [_thread_blocked, id=1740, stack(0x0000000056e40000,0x0000000056f40000)]
=>0x0000000054ece000 JavaThread "C2 CompilerThread1" daemon [_thread_in_native, id=3700, stack(0x0000000056780000,0x0000000056880000)]
  0x0000000054ec8800 JavaThread "C2 CompilerThread0" daemon [_thread_blocked, id=3988, stack(0x0000000056490000,0x0000000056590000)]
  0x0000000054ec5800 JavaThread "Attach Listener" daemon [_thread_blocked, id=340, stack(0x00000000565d0000,0x00000000566d0000)]
  0x0000000054ec3800 JavaThread "Signal Dispatcher" daemon [_thread_blocked, id=2108, stack(0x0000000056320000,0x0000000056420000)]
  0x0000000054ea7000 JavaThread "Finalizer" daemon [_thread_blocked, id=896, stack(0x0000000055ef0000,0x0000000055ff0000)]
  0x0000000054e5f800 JavaThread "Reference Handler" daemon [_thread_blocked, id=3112, stack(0x00000000561c0000,0x00000000562c0000)]
  0x00000000020cd800 JavaThread "main" [_thread_blocked, id=1088, stack(0x0000000002230000,0x0000000002330000)]

Other Threads:
  0x0000000054e58000 VMThread [stack: 0x00000000560a0000,0x00000000561a0000] [id=2684]
  0x00000000568dd800 WatcherThread [stack: 0x00000000570c0000,0x00000000571c0000] [id=3368]

VM state:not at safepoint (normal execution)

VM Mutex/Monitor currently owned by a thread: None

Heap:
 PSYoungGen      total 38400K, used 20672K [0x00000000eab00000, 0x00000000ef600000, 0x0000000100000000)
  eden space 33280K, 47% used [0x00000000eab00000,0x00000000eba955a0,0x00000000ecb80000)
  from space 5120K, 92% used [0x00000000ecb80000,0x00000000ed01ad48,0x00000000ed080000)
  to   space 5120K, 0% used [0x00000000ef100000,0x00000000ef100000,0x00000000ef600000)
 ParOldGen       total 87552K, used 0K [0x00000000c0000000, 0x00000000c5580000, 0x00000000eab00000)
  object space 87552K, 0% used [0x00000000c0000000,0x00000000c0000000,0x00000000c5580000)
 Metaspace       used 5828K, capacity 6832K, committed 7040K, reserved 1056768K
  class space    used 576K, capacity 616K, committed 640K, reserved 1048576K

Card table byte_map: [0x00000000119c0000,0x0000000011bd0000] byte_map_base: 0x00000000113c0000

Marking Bits: (ParMarkBitMap*) 0x000000006c1b9d00
 Begin Bits: [0x00000000122d0000, 0x00000000132d0000)
 End Bits:   [0x00000000132d0000, 0x00000000142d0000)

Polling page: 0x0000000001b60000

CodeCache: size=245760Kb used=4058Kb max_used=4069Kb free=241702Kb
 bounds [0x0000000002600000, 0x0000000002a00000, 0x0000000011600000]
 total_blobs=1336 nmethods=1069 adapters=182
 compilation: enabled

Compilation events (10 events):
Event: 1.764 Thread 0x0000000054ec8800 nmethod 1040 0x00000000029d68d0 code [0x00000000029d6a40, 0x00000000029d6bc8]
Event: 1.764 Thread 0x0000000054ec8800  993       4       java.util.AbstractMap::<init> (5 bytes)
Event: 1.764 Thread 0x0000000054ec8800 nmethod 993 0x00000000029a3790 code [0x00000000029a38c0, 0x00000000029a3918]
Event: 1.764 Thread 0x0000000054ec8800  988       4       com.android.dx.rop.code.Rop::isCommutative (60 bytes)
Event: 1.765 Thread 0x0000000054ec8800 nmethod 988 0x00000000029a5650 code [0x00000000029a5780, 0x00000000029a57f8]
Event: 1.765 Thread 0x0000000054ec8800 1047       4       com.android.dx.ssa.SsaMethod$1::visitNonMoveInsn (26 bytes)
Event: 1.765 Thread 0x0000000054ec8800 nmethod 1047 0x00000000029d6510 code [0x00000000029d6660, 0x00000000029d6758]
Event: 1.765 Thread 0x0000000054ec8800 1048 %     4       com.android.dx.rop.code.RopMethod::calcPredecessors @ 91 (227 bytes)
Event: 1.783 Thread 0x0000000054ece000 nmethod 1025 0x00000000029dd410 code [0x00000000029dd580, 0x00000000029ddc58]
Event: 1.783 Thread 0x0000000054ece000 1056       4       com.android.dx.ssa.SsaBasicBlock::forEachInsn (37 bytes)

GC Heap History (2 events):
Event: 1.272 GC heap before
{Heap before GC invocations=1 (full 0):
 PSYoungGen      total 38400K, used 33280K [0x00000000eab00000, 0x00000000ed580000, 0x0000000100000000)
  eden space 33280K, 100% used [0x00000000eab00000,0x00000000ecb80000,0x00000000ecb80000)
  from space 5120K, 0% used [0x00000000ed080000,0x00000000ed080000,0x00000000ed580000)
  to   space 5120K, 0% used [0x00000000ecb80000,0x00000000ecb80000,0x00000000ed080000)
 ParOldGen       total 87552K, used 0K [0x00000000c0000000, 0x00000000c5580000, 0x00000000eab00000)
  object space 87552K, 0% used [0x00000000c0000000,0x00000000c0000000,0x00000000c5580000)
 Metaspace       used 5703K, capacity 6768K, committed 7040K, reserved 1056768K
  class space    used 576K, capacity 616K, committed 640K, reserved 1048576K
Event: 1.557 GC heap after
Heap after GC invocations=1 (full 0):
 PSYoungGen      total 38400K, used 4715K [0x00000000eab00000, 0x00000000ef600000, 0x0000000100000000)
  eden space 33280K, 0% used [0x00000000eab00000,0x00000000eab00000,0x00000000ecb80000)
  from space 5120K, 92% used [0x00000000ecb80000,0x00000000ed01ad48,0x00000000ed080000)
  to   space 5120K, 0% used [0x00000000ef100000,0x00000000ef100000,0x00000000ef600000)
 ParOldGen       total 87552K, used 0K [0x00000000c0000000, 0x00000000c5580000, 0x00000000eab00000)
  object space 87552K, 0% used [0x00000000c0000000,0x00000000c0000000,0x00000000c5580000)
 Metaspace       used 5703K, capacity 6768K, committed 7040K, reserved 1056768K
  class space    used 576K, capacity 616K, committed 640K, reserved 1048576K
}

Deoptimization events (7 events):
Event: 0.418 Thread 0x00000000020cd800 Uncommon trap: reason=unstable_if action=reinterpret pc=0x0000000002757684 method=java.lang.String.compareTo(Ljava/lang/String;)I @ 38
Event: 0.817 Thread 0x0000000056b93000 Uncommon trap: reason=unstable_if action=reinterpret pc=0x000000000280c520 method=java.util.HashMap.getNode(ILjava/lang/Object;)Ljava/util/HashMap$Node; @ 62
Event: 0.845 Thread 0x0000000056b94000 Uncommon trap: reason=unstable_if action=reinterpret pc=0x000000000281ac0c method=java.util.HashMap.getNode(ILjava/lang/Object;)Ljava/util/HashMap$Node; @ 62
Event: 1.588 Thread 0x00000000020cd800 Uncommon trap: reason=unstable_if action=reinterpret pc=0x00000000027e48a0 method=java.util.BitSet.nextSetBit(I)I @ 87
Event: 1.747 Thread 0x00000000020cd800 Uncommon trap: reason=unstable_if action=reinterpret pc=0x00000000028c7cc4 method=com.android.dx.rop.cst.Constant.compareTo(Lcom/android/dx/rop/cst/Constant;)I @ 12
Event: 1.766 Thread 0x00000000020cd800 Uncommon trap: reason=class_check action=maybe_recompile pc=0x00000000028d3410 method=com.android.dx.rop.type.Type.equals(Ljava/lang/Object;)Z @ 8
Event: 1.769 Thread 0x00000000020cd800 Uncommon trap: reason=null_check action=make_not_entrant pc=0x00000000028cc8dc method=com.android.dx.ssa.SsaRenamer.getLocalForNewReg(I)Lcom/android/dx/rop/code/LocalItem; @ 19

Internal exceptions (3 events):
Event: 0.045 Thread 0x00000000020cd800 Exception <a 'java/lang/NoSuchMethodError': Method sun.misc.Unsafe.defineClass(Ljava/lang/String;[BII)Ljava/lang/Class; name or signature does not match> (0x00000000eab07cc0) thrown at [C:\src\android\AOSP-openjdk\external\jetbrains\jdk\hotspot\src\share\vå]~ó•,§?
Event: 0.045 Thread 0x00000000020cd800 Exception <a 'java/lang/NoSuchMethodError': Method sun.misc.Unsafe.prefetchRead(Ljava/lang/Object;J)V name or signature does not match> (0x00000000eab07fa8) thrown at [C:\src\android\AOSP-openjdk\external\jetbrains\jdk\hotspot\src\share\vm\prims\jni.cpp, l^è(P´Lü?
Event: 1.769 Thread 0x00000000020cd800 Implicit null exception at 0x00000000028c9a90 to 0x00000000028cc899

Events (10 events):
Event: 1.588 Thread 0x00000000020cd800 DEOPT UNPACKING pc=0x000000000264556a sp=0x000000000232e348 mode 2
Event: 1.747 Thread 0x00000000020cd800 Uncommon trap: trap_request=0xffffff65 fr.pc=0x00000000028c7cc4
Event: 1.747 Thread 0x00000000020cd800 DEOPT PACKING pc=0x00000000028c7cc4 sp=0x000000000232dfd0
Event: 1.747 Thread 0x00000000020cd800 DEOPT UNPACKING pc=0x000000000264556a sp=0x000000000232df70 mode 2
Event: 1.766 Thread 0x00000000020cd800 Uncommon trap: trap_request=0xffffffde fr.pc=0x00000000028d3410
Event: 1.766 Thread 0x00000000020cd800 DEOPT PACKING pc=0x00000000028d3410 sp=0x000000000232df60
Event: 1.766 Thread 0x00000000020cd800 DEOPT UNPACKING pc=0x000000000264556a sp=0x000000000232df08 mode 2
Event: 1.769 Thread 0x00000000020cd800 Uncommon trap: trap_request=0xfffffff4 fr.pc=0x00000000028cc8dc
Event: 1.769 Thread 0x00000000020cd800 DEOPT PACKING pc=0x00000000028cc8dc sp=0x000000000232e220
Event: 1.769 Thread 0x00000000020cd800 DEOPT UNPACKING pc=0x000000000264556a sp=0x000000000232e078 mode 2


Dynamic libraries:
0x000000013f950000 - 0x000000013f981000 	C:\Program Files\Android\Android Studio\jre\bin\java.exe
0x0000000077690000 - 0x000000007783b000 	C:\Windows\SYSTEM32\ntdll.dll
0x0000000077470000 - 0x000000007758f000 	C:\Windows\system32\kernel32.dll
0x000007fefd950000 - 0x000007fefd9bb000 	C:\Windows\system32\KERNELBASE.dll
0x000007feff7e0000 - 0x000007feff8bb000 	C:\Windows\system32\ADVAPI32.dll
0x000007feff0d0000 - 0x000007feff16f000 	C:\Windows\system32\msvcrt.dll
0x000007fefddd0000 - 0x000007fefddef000 	C:\Windows\SYSTEM32\sechost.dll
0x000007fefd9c0000 - 0x000007fefdaee000 	C:\Windows\system32\RPCRT4.dll
0x0000000077590000 - 0x000000007768a000 	C:\Windows\system32\USER32.dll
0x000007feff450000 - 0x000007feff4b7000 	C:\Windows\system32\GDI32.dll
0x000007feff960000 - 0x000007feff96e000 	C:\Windows\system32\LPK.dll
0x000007fefec20000 - 0x000007fefecea000 	C:\Windows\system32\USP10.dll
0x000007fefb970000 - 0x000007fefbb64000 	C:\Windows\WinSxS\amd64_microsoft.windows.common-controls_6595b64144ccf1df_6.0.7600.16385_none_fa645303170382f6\COMCTL32.dll
0x000007fefdbd0000 - 0x000007fefdc41000 	C:\Windows\system32\SHLWAPI.dll
0x000007feff7b0000 - 0x000007feff7de000 	C:\Windows\system32\IMM32.DLL
0x000007feff4c0000 - 0x000007feff5c9000 	C:\Windows\system32\MSCTF.dll
0x000000006caa0000 - 0x000000006cb72000 	C:\Program Files\Android\Android Studio\jre\jre\bin\msvcr100.dll
0x000000006ba00000 - 0x000000006c234000 	C:\Program Files\Android\Android Studio\jre\jre\bin\server\jvm.dll
0x000007fef4930000 - 0x000007fef4939000 	C:\Windows\system32\WSOCK32.dll
0x000007feff1f0000 - 0x000007feff23d000 	C:\Windows\system32\WS2_32.dll
0x000007feff990000 - 0x000007feff998000 	C:\Windows\system32\NSI.dll
0x000007fef81f0000 - 0x000007fef822b000 	C:\Windows\system32\WINMM.dll
0x000007fefc760000 - 0x000007fefc76c000 	C:\Windows\system32\VERSION.dll
0x0000000077860000 - 0x0000000077867000 	C:\Windows\system32\PSAPI.DLL
0x000007fef3aa0000 - 0x000007fef3aaf000 	C:\Program Files\Android\Android Studio\jre\jre\bin\verify.dll
0x000007fef38a0000 - 0x000007fef38c9000 	C:\Program Files\Android\Android Studio\jre\jre\bin\java.dll
0x000007fef3690000 - 0x000007fef36a6000 	C:\Program Files\Android\Android Studio\jre\jre\bin\zip.dll
0x000007fefde90000 - 0x000007fefec16000 	C:\Windows\system32\SHELL32.dll
0x000007feff240000 - 0x000007feff441000 	C:\Windows\system32\ole32.dll
0x000007fefd5f0000 - 0x000007fefd5ff000 	C:\Windows\system32\profapi.dll
0x000007fef80c0000 - 0x000007fef81e5000 	C:\Windows\system32\dbghelp.dll

VM Arguments:
jvm_args: -Djava.awt.headless=true -Xmx1024M -Dfile.encoding=windows-1252 -Duser.country=US -Duser.language=en -Duser.variant 
java_command: com.android.dx.command.Main --dex --num-threads=4 --output E:\LLCS\app\build\intermediates\pre-dexed\debug\com.android.support-support-v4-24.1.1_bf1010d2bed13927d59f1536f91160bc4e99c3f7.jar E:\LLCS\app\build\intermediates\exploded-aar\com.android.support\support-v4\24.1.1\jars\classes.jar
java_class_path (initial): E:\Android\sdk\build-tools\24.0.1\lib\dx.jar
Launcher Type: SUN_STANDARD

Environment Variables:
PATH=C:\Windows\system32;C:\Windows;C:\Windows\System32\Wbem;C:\Windows\System32\WindowsPowerShell\v1.0\;C:\Program Files (x86)\Skype\Phone\
USERNAME=Risein
OS=Windows_NT
PROCESSOR_IDENTIFIER=Intel64 Family 6 Model 58 Stepping 9, GenuineIntel



---------------  S Y S T E M  ---------------

OS: Windows 7 , 64 bit Build 7600 (6.1.7600.16385)

CPU:total 4 (4 cores per cpu, 1 threads per core) family 6 model 58 stepping 9, cmov, cx8, fxsr, mmx, sse, sse2, sse3, ssse3, sse4.1, sse4.2, popcnt, aes, clmul, erms, tsc, tscinvbit, tscinv

Memory: 4k page, physical 8284892k(4643568k free), swap 16567888k(12316964k free)

vm_info: OpenJDK 64-Bit Server VM (25.76-b03) for windows-amd64 JRE (1.8.0_76-release-b03), built on Jun 29 2016 19:09:20 by "ralucas" with MS VC++ 10.0 (VS2010)

time: Mon Dec 19 17:23:14 2016
elapsed time: 1 seconds (0d 0h 0m 1s)

