#
# A fatal error has been detected by the Java Runtime Environment:
#
#  EXCEPTION_ACCESS_VIOLATION (0xc0000005) at pc=0x000000006bb33ad8, pid=3488, tid=0x00000000000006dc
#
# JRE version: OpenJDK Runtime Environment (8.0_76-b03) (build 1.8.0_76-release-b03)
# Java VM: OpenJDK 64-Bit Server VM (25.76-b03 mixed mode windows-amd64 compressed oops)
# Problematic frame:
# V  [jvm.dll+0x113ad8]
#
# Failed to write core dump. Minidumps are not enabled by default on client versions of Windows
#
# If you would like to submit a bug report, please visit:
#   http://bugreport.java.com/bugreport/crash.jsp
#

---------------  T H R E A D  ---------------

Current thread (0x000000000207b000):  GCTaskThread [stack: 0x0000000011db0000,0x0000000011eb0000] [id=1756]

siginfo: ExceptionCode=0xc0000005, reading address 0xffffffffffffffff

Registers:
RAX=0x00000000124a0000, RBX=0x0000000000000036, RCX=0x0000000000000000, RDX=0x0000000000000001
RSP=0x0000000011eaf4c0, RBP=0x0000000054f847b0, RSI=0x00000000c2498f1c, RDI=0x0000000000000008
R8 =0x007fffffffa00000, R9 =0x0000000054f847b0, R10=0x000000000000003d, R11=0x00000000c2492e38
R12=0x00000000c2498f58, R13=0x000000000000002a, R14=0x00000000c2498ea0, R15=0x000000000000002a
RIP=0x000000006bb33ad8, EFLAGS=0x0000000000010202

Top of Stack: (sp=0x0000000011eaf4c0)
0x0000000011eaf4c0:   00000000554e0228 000000006bb0df5a
0x0000000011eaf4d0:   000000001472d020 00000000c249358c
0x0000000011eaf4e0:   0000000054f847b0 000000006bb33bf3
0x0000000011eaf4f0:   0000000000000000 000000000207c560
0x0000000011eaf500:   000000000207b590 0000000000000000
0x0000000011eaf510:   0000000000000036 000000006bddeb00
0x0000000011eaf520:   0000000054f847b0 0000000000000000
0x0000000011eaf530:   000000006c02ba18 000000006c02ba18
0x0000000011eaf540:   00000000c0629100 000000006bde2c48
0x0000000011eaf550:   000000006c1d9d00 0000000000000009
0x0000000011eaf560:   0000000000000000 0000000000000045
0x0000000011eaf570:   00000000c0c1c2f8 000000006bb0e0d6
0x0000000011eaf580:   00000000c0629100 000000000207b590
0x0000000011eaf590:   000000000207c570 000000000207c560
0x0000000011eaf5a0:   000000006c02ba18 0000000000000000
0x0000000011eaf5b0:   0000000058fefcb0 0000000000000000 

Instructions: (pc=0x000000006bb33ad8)
0x000000006bb33ab8:   05 43 62 6a 00 49 c1 e8 03 49 d3 e8 41 0f b6 c0
0x000000006bb33ac8:   49 c1 e8 06 24 3f 0f b6 d0 48 8b 05 58 62 6a 00
0x000000006bb33ad8:   4a 8b 0c c0 48 0f a3 d1 72 3e 48 8b cf e8 46 0d
0x000000006bb33ae8:   fd ff 84 c0 74 32 48 8b d7 48 8b cd e8 17 dc fc 


Register to memory mapping:

RAX=0x00000000124a0000 is an unknown value
RBX=0x0000000000000036 is an unknown value
RCX=0x0000000000000000 is an unknown value
RDX=0x0000000000000001 is an unknown value
RSP=0x0000000011eaf4c0 is an unknown value
RBP=0x0000000054f847b0 is an unknown value
RSI=0x00000000c2498f1c is pointing into object: 0x00000000c2498ea0
[Lcom.android.dx.dex.code.CodeAddress; 
 - klass: 'com/android/dx/dex/code/CodeAddress'[]
 - length: 42
RDI=0x0000000000000008 is an unknown value
R8 =0x007fffffffa00000 is an unknown value
R9 =0x0000000054f847b0 is an unknown value
R10=0x000000000000003d is an unknown value
R11=0x00000000c2492e38 is an oop
com.android.dx.dex.code.CodeAddress 
 - klass: 'com/android/dx/dex/code/CodeAddress'
R12=0x00000000c2498f58 is an oop
[Lcom.android.dx.dex.code.CodeAddress; 
 - klass: 'com/android/dx/dex/code/CodeAddress'[]
 - length: 42
R13=0x000000000000002a is an unknown value
R14=0x00000000c2498ea0 is an oop
[Lcom.android.dx.dex.code.CodeAddress; 
 - klass: 'com/android/dx/dex/code/CodeAddress'[]
 - length: 42
R15=0x000000000000002a is an unknown value


Stack: [0x0000000011db0000,0x0000000011eb0000],  sp=0x0000000011eaf4c0,  free space=1021k
Native frames: (J=compiled Java code, j=interpreted, Vv=VM code, C=native code)
V  [jvm.dll+0x113ad8]
V  [jvm.dll+0x3beb00]
V  [jvm.dll+0x3bc47f]
V  [jvm.dll+0x3b997e]
V  [jvm.dll+0x26b60a]
C  [msvcr100.dll+0x21d9f]
C  [msvcr100.dll+0x21e3b]
C  [kernel32.dll+0x1f56d]
C  [ntdll.dll+0x33281]


---------------  P R O C E S S  ---------------

Java Threads: ( => current thread )
  0x0000000057887000 JavaThread "pool-2-thread-4" [_thread_blocked, id=1456, stack(0x00000000580a0000,0x00000000581a0000)]
  0x0000000057801800 JavaThread "pool-2-thread-3" [_thread_blocked, id=3464, stack(0x0000000057110000,0x0000000057210000)]
  0x0000000056b65800 JavaThread "pool-2-thread-2" [_thread_blocked, id=3896, stack(0x0000000057e50000,0x0000000057f50000)]
  0x00000000577a7000 JavaThread "pool-3-thread-1" [_thread_blocked, id=2460, stack(0x0000000057d00000,0x0000000057e00000)]
  0x0000000056b7e000 JavaThread "pool-2-thread-1" [_thread_blocked, id=3824, stack(0x0000000057bb0000,0x0000000057cb0000)]
  0x0000000056960800 JavaThread "Service Thread" daemon [_thread_blocked, id=3328, stack(0x0000000057230000,0x0000000057330000)]
  0x00000000568e7000 JavaThread "C1 CompilerThread2" daemon [_thread_blocked, id=3660, stack(0x0000000057000000,0x0000000057100000)]
  0x00000000568e5800 JavaThread "C2 CompilerThread1" daemon [_thread_blocked, id=3316, stack(0x0000000056dd0000,0x0000000056ed0000)]
  0x000000005509b000 JavaThread "C2 CompilerThread0" daemon [_thread_blocked, id=1528, stack(0x0000000056580000,0x0000000056680000)]
  0x0000000055097000 JavaThread "Attach Listener" daemon [_thread_blocked, id=3388, stack(0x00000000567e0000,0x00000000568e0000)]
  0x0000000055095000 JavaThread "Signal Dispatcher" daemon [_thread_blocked, id=3216, stack(0x00000000566b0000,0x00000000567b0000)]
  0x0000000055076800 JavaThread "Finalizer" daemon [_thread_blocked, id=2788, stack(0x00000000563d0000,0x00000000564d0000)]
  0x000000005502f800 JavaThread "Reference Handler" daemon [_thread_blocked, id=1392, stack(0x0000000056240000,0x0000000056340000)]
  0x000000000202d800 JavaThread "main" [_thread_blocked, id=3364, stack(0x0000000002150000,0x0000000002250000)]

Other Threads:
  0x0000000055028000 VMThread [stack: 0x0000000056070000,0x0000000056170000] [id=2676]
  0x0000000056961800 WatcherThread [stack: 0x0000000056f00000,0x0000000057000000] [id=3476]

=>0x000000000207b000 (exited) GCTaskThread [stack: 0x0000000011db0000,0x0000000011eb0000] [id=1756]

VM state:at safepoint (normal execution)

VM Mutex/Monitor currently owned by a thread:  ([mutex/lock_event])
[0x000000000202be00] Threads_lock - owner thread: 0x0000000055028000
[0x000000000202c300] Heap_lock - owner thread: 0x000000000202d800

Heap:
 PSYoungGen      total 290304K, used 37880K [0x00000000eab00000, 0x0000000100000000, 0x0000000100000000)
  eden space 252416K, 0% used [0x00000000eab00000,0x00000000eab00000,0x00000000fa180000)
  from space 37888K, 99% used [0x00000000fa180000,0x00000000fc67e0b8,0x00000000fc680000)
  to   space 56320K, 0% used [0x00000000fc900000,0x00000000fc900000,0x0000000100000000)
 ParOldGen       total 87552K, used 68847K [0x00000000c0000000, 0x00000000c5580000, 0x00000000eab00000)
  object space 87552K, 78% used [0x00000000c0000000,0x00000000c433bea8,0x00000000c5580000)
 Metaspace       used 6533K, capacity 7218K, committed 7296K, reserved 1056768K
  class space    used 599K, capacity 618K, committed 640K, reserved 1048576K

Card table byte_map: [0x0000000011a00000,0x0000000011c10000] byte_map_base: 0x0000000011400000

Marking Bits: (ParMarkBitMap*) 0x000000006c1d9d00
 Begin Bits: [0x00000000124a0000, 0x00000000134a0000)
 End Bits:   [0x00000000134a0000, 0x00000000144a0000)

Polling page: 0x0000000000330000

CodeCache: size=245760Kb used=9505Kb max_used=9505Kb free=236254Kb
 bounds [0x0000000002640000, 0x0000000002f90000, 0x0000000011640000]
 total_blobs=2531 nmethods=2262 adapters=183
 compilation: enabled

Compilation events (10 events):
Event: 3.028 Thread 0x00000000568e7000 2358       3       com.android.dx.ssa.DeadCodeRemover::pruneDeadInstructions (246 bytes)
Event: 3.030 Thread 0x00000000568e7000 nmethod 2358 0x0000000002f86650 code [0x0000000002f86a40, 0x0000000002f891d8]
Event: 3.034 Thread 0x00000000568e7000 2359       1       java.util.concurrent.ThreadPoolExecutor::beforeExecute (1 bytes)
Event: 3.034 Thread 0x00000000568e7000 nmethod 2359 0x0000000002f5b510 code [0x0000000002f5b660, 0x0000000002f5b770]
Event: 3.036 Thread 0x00000000568e7000 2360       2       java.util.HashMap$TreeNode::balanceInsertion (245 bytes)
Event: 3.037 Thread 0x00000000568e7000 nmethod 2360 0x0000000002f8aa10 code [0x0000000002f8ac00, 0x0000000002f8b1d8]
Event: 3.037 Thread 0x00000000568e7000 2361       1       java.util.concurrent.ThreadPoolExecutor::afterExecute (1 bytes)
Event: 3.037 Thread 0x00000000568e7000 nmethod 2361 0x0000000002f8b790 code [0x0000000002f8b8e0, 0x0000000002f8b9f0]
Event: 3.062 Thread 0x00000000568e7000 2363 %     3       com.android.dx.cf.code.ConcreteMethod::<init> @ 151 (262 bytes)
Event: 3.063 Thread 0x00000000568e7000 nmethod 2363% 0x0000000002f8ba50 code [0x0000000002f8bd20, 0x0000000002f8d218]

GC Heap History (10 events):
Event: 1.446 GC heap after
Heap after GC invocations=5 (full 0):
 PSYoungGen      total 71680K, used 5104K [0x00000000eab00000, 0x00000000f5200000, 0x0000000100000000)
  eden space 66560K, 0% used [0x00000000eab00000,0x00000000eab00000,0x00000000eec00000)
  from space 5120K, 99% used [0x00000000eec00000,0x00000000ef0fc098,0x00000000ef100000)
  to   space 18944K, 0% used [0x00000000f3f80000,0x00000000f3f80000,0x00000000f5200000)
 ParOldGen       total 87552K, used 22654K [0x00000000c0000000, 0x00000000c5580000, 0x00000000eab00000)
  object space 87552K, 25% used [0x00000000c0000000,0x00000000c161fbb0,0x00000000c5580000)
 Metaspace       used 6386K, capacity 7154K, committed 7296K, reserved 1056768K
  class space    used 599K, capacity 618K, committed 640K, reserved 1048576K
}
Event: 1.640 GC heap before
{Heap before GC invocations=6 (full 0):
 PSYoungGen      total 71680K, used 71664K [0x00000000eab00000, 0x00000000f5200000, 0x0000000100000000)
  eden space 66560K, 100% used [0x00000000eab00000,0x00000000eec00000,0x00000000eec00000)
  from space 5120K, 99% used [0x00000000eec00000,0x00000000ef0fc098,0x00000000ef100000)
  to   space 18944K, 0% used [0x00000000f3f80000,0x00000000f3f80000,0x00000000f5200000)
 ParOldGen       total 87552K, used 22654K [0x00000000c0000000, 0x00000000c5580000, 0x00000000eab00000)
  object space 87552K, 25% used [0x00000000c0000000,0x00000000c161fbb0,0x00000000c5580000)
 Metaspace       used 6412K, capacity 7154K, committed 7296K, reserved 1056768K
  class space    used 599K, capacity 618K, committed 640K, reserved 1048576K
Event: 1.667 GC heap after
Heap after GC invocations=6 (full 0):
 PSYoungGen      total 150016K, used 15222K [0x00000000eab00000, 0x00000000f5600000, 0x0000000100000000)
  eden space 131072K, 0% used [0x00000000eab00000,0x00000000eab00000,0x00000000f2b00000)
  from space 18944K, 80% used [0x00000000f3f80000,0x00000000f4e5d988,0x00000000f5200000)
  to   space 20992K, 0% used [0x00000000f2b00000,0x00000000f2b00000,0x00000000f3f80000)
 ParOldGen       total 87552K, used 22662K [0x00000000c0000000, 0x00000000c5580000, 0x00000000eab00000)
  object space 87552K, 25% used [0x00000000c0000000,0x00000000c1621bb0,0x00000000c5580000)
 Metaspace       used 6412K, capacity 7154K, committed 7296K, reserved 1056768K
  class space    used 599K, capacity 618K, committed 640K, reserved 1048576K
}
Event: 1.934 GC heap before
{Heap before GC invocations=7 (full 0):
 PSYoungGen      total 150016K, used 146294K [0x00000000eab00000, 0x00000000f5600000, 0x0000000100000000)
  eden space 131072K, 100% used [0x00000000eab00000,0x00000000f2b00000,0x00000000f2b00000)
  from space 18944K, 80% used [0x00000000f3f80000,0x00000000f4e5d988,0x00000000f5200000)
  to   space 20992K, 0% used [0x00000000f2b00000,0x00000000f2b00000,0x00000000f3f80000)
 ParOldGen       total 87552K, used 22662K [0x00000000c0000000, 0x00000000c5580000, 0x00000000eab00000)
  object space 87552K, 25% used [0x00000000c0000000,0x00000000c1621bb0,0x00000000c5580000)
 Metaspace       used 6442K, capacity 7218K, committed 7296K, reserved 1056768K
  class space    used 599K, capacity 618K, committed 640K, reserved 1048576K
Event: 1.973 GC heap after
Heap after GC invocations=7 (full 0):
 PSYoungGen      total 152064K, used 20969K [0x00000000eab00000, 0x00000000fe200000, 0x0000000100000000)
  eden space 131072K, 0% used [0x00000000eab00000,0x00000000eab00000,0x00000000f2b00000)
  from space 20992K, 99% used [0x00000000f2b00000,0x00000000f3f7a6f8,0x00000000f3f80000)
  to   space 28160K, 0% used [0x00000000fc680000,0x00000000fc680000,0x00000000fe200000)
 ParOldGen       total 87552K, used 28940K [0x00000000c0000000, 0x00000000c5580000, 0x00000000eab00000)
  object space 87552K, 33% used [0x00000000c0000000,0x00000000c1c43040,0x00000000c5580000)
 Metaspace       used 6442K, capacity 7218K, committed 7296K, reserved 1056768K
  class space    used 599K, capacity 618K, committed 640K, reserved 1048576K
}
Event: 2.344 GC heap before
{Heap before GC invocations=8 (full 0):
 PSYoungGen      total 152064K, used 152041K [0x00000000eab00000, 0x00000000fe200000, 0x0000000100000000)
  eden space 131072K, 100% used [0x00000000eab00000,0x00000000f2b00000,0x00000000f2b00000)
  from space 20992K, 99% used [0x00000000f2b00000,0x00000000f3f7a6f8,0x00000000f3f80000)
  to   space 28160K, 0% used [0x00000000fc680000,0x00000000fc680000,0x00000000fe200000)
 ParOldGen       total 87552K, used 28940K [0x00000000c0000000, 0x00000000c5580000, 0x00000000eab00000)
  object space 87552K, 33% used [0x00000000c0000000,0x00000000c1c43040,0x00000000c5580000)
 Metaspace       used 6515K, capacity 7218K, committed 7296K, reserved 1056768K
  class space    used 599K, capacity 618K, committed 640K, reserved 1048576K
Event: 2.384 GC heap after
Heap after GC invocations=8 (full 0):
 PSYoungGen      total 280576K, used 28141K [0x00000000eab00000, 0x00000000ff500000, 0x0000000100000000)
  eden space 252416K, 0% used [0x00000000eab00000,0x00000000eab00000,0x00000000fa180000)
  from space 28160K, 99% used [0x00000000fc680000,0x00000000fe1fb678,0x00000000fe200000)
  to   space 37888K, 0% used [0x00000000fa180000,0x00000000fa180000,0x00000000fc680000)
 ParOldGen       total 87552K, used 39486K [0x00000000c0000000, 0x00000000c5580000, 0x00000000eab00000)
  object space 87552K, 45% used [0x00000000c0000000,0x00000000c268f8b0,0x00000000c5580000)
 Metaspace       used 6515K, capacity 7218K, committed 7296K, reserved 1056768K
  class space    used 599K, capacity 618K, committed 640K, reserved 1048576K
}
Event: 3.068 GC heap before
{Heap before GC invocations=9 (full 0):
 PSYoungGen      total 280576K, used 280557K [0x00000000eab00000, 0x00000000ff500000, 0x0000000100000000)
  eden space 252416K, 100% used [0x00000000eab00000,0x00000000fa180000,0x00000000fa180000)
  from space 28160K, 99% used [0x00000000fc680000,0x00000000fe1fb678,0x00000000fe200000)
  to   space 37888K, 0% used [0x00000000fa180000,0x00000000fa180000,0x00000000fc680000)
 ParOldGen       total 87552K, used 39486K [0x00000000c0000000, 0x00000000c5580000, 0x00000000eab00000)
  object space 87552K, 45% used [0x00000000c0000000,0x00000000c268f8b0,0x00000000c5580000)
 Metaspace       used 6533K, capacity 7218K, committed 7296K, reserved 1056768K
  class space    used 599K, capacity 618K, committed 640K, reserved 1048576K
Event: 3.138 GC heap after
Heap after GC invocations=9 (full 0):
 PSYoungGen      total 290304K, used 37880K [0x00000000eab00000, 0x0000000100000000, 0x0000000100000000)
  eden space 252416K, 0% used [0x00000000eab00000,0x00000000eab00000,0x00000000fa180000)
  from space 37888K, 99% used [0x00000000fa180000,0x00000000fc67e0b8,0x00000000fc680000)
  to   space 56320K, 0% used [0x00000000fc900000,0x00000000fc900000,0x0000000100000000)
 ParOldGen       total 87552K, used 68847K [0x00000000c0000000, 0x00000000c5580000, 0x00000000eab00000)
  object space 87552K, 78% used [0x00000000c0000000,0x00000000c433bea8,0x00000000c5580000)
 Metaspace       used 6533K, capacity 7218K, committed 7296K, reserved 1056768K
  class space    used 599K, capacity 618K, committed 640K, reserved 1048576K
}
Event: 3.138 GC heap before
{Heap before GC invocations=10 (full 1):
 PSYoungGen      total 290304K, used 37880K [0x00000000eab00000, 0x0000000100000000, 0x0000000100000000)
  eden space 252416K, 0% used [0x00000000eab00000,0x00000000eab00000,0x00000000fa180000)
  from space 37888K, 99% used [0x00000000fa180000,0x00000000fc67e0b8,0x00000000fc680000)
  to   space 56320K, 0% used [0x00000000fc900000,0x00000000fc900000,0x0000000100000000)
 ParOldGen       total 87552K, used 68847K [0x00000000c0000000, 0x00000000c5580000, 0x00000000eab00000)
  object space 87552K, 78% used [0x00000000c0000000,0x00000000c433bea8,0x00000000c5580000)
 Metaspace       used 6533K, capacity 7218K, committed 7296K, reserved 1056768K
  class space    used 599K, capacity 618K, committed 640K, reserved 1048576K

Deoptimization events (10 events):
Event: 1.822 Thread 0x0000000056b65800 Uncommon trap: reason=unstable_if action=reinterpret pc=0x0000000002ad1928 method=com.android.dx.dex.code.OutputFinisher.hasLocalInfo(Lcom/android/dx/dex/code/DalvInsn;)Z @ 24
Event: 1.925 Thread 0x0000000057801800 Uncommon trap: reason=unstable_if action=reinterpret pc=0x0000000002cc2f04 method=com.android.dx.ssa.SCCP.simulateBranch(Lcom/android/dx/ssa/SsaInsn;)V @ 548
Event: 2.172 Thread 0x0000000056b65800 Uncommon trap: reason=bimorphic action=maybe_recompile pc=0x0000000002e64d28 method=com.android.dx.cf.code.BytecodeArray.parseInstruction(ILcom/android/dx/cf/code/BytecodeArray$Visitor;)I @ 2484
Event: 2.172 Thread 0x0000000056b65800 Uncommon trap: reason=bimorphic action=maybe_recompile pc=0x0000000002e64d28 method=com.android.dx.cf.code.BytecodeArray.parseInstruction(ILcom/android/dx/cf/code/BytecodeArray$Visitor;)I @ 2484
Event: 2.801 Thread 0x0000000057801800 Uncommon trap: reason=unstable_if action=reinterpret pc=0x0000000002eb57c4 method=com.android.dx.rop.code.RegisterSpecSet.<init>(I)V @ 2
Event: 2.801 Thread 0x0000000057801800 Uncommon trap: reason=unstable_if action=reinterpret pc=0x00000000029ebfa8 method=com.android.dx.rop.code.RegisterSpecSet.<init>(I)V @ 2
Event: 2.942 Thread 0x0000000056b7e000 Uncommon trap: reason=unstable_if action=reinterpret pc=0x0000000002f1eaac method=com.android.dx.ssa.SsaMethod.getExitBlock()Lcom/android/dx/ssa/SsaBasicBlock; @ 4
Event: 2.942 Thread 0x0000000056b7e000 Uncommon trap: reason=unstable_if action=reinterpret pc=0x0000000002a15064 method=com.android.dx.ssa.SsaMethod.getExitBlock()Lcom/android/dx/ssa/SsaBasicBlock; @ 4
Event: 2.942 Thread 0x0000000056b7e000 Uncommon trap: reason=unstable_if action=reinterpret pc=0x0000000002ddb560 method=com.android.dx.ssa.SsaMethod.getExitBlock()Lcom/android/dx/ssa/SsaBasicBlock; @ 4
Event: 2.942 Thread 0x0000000056b7e000 Uncommon trap: reason=unstable_if action=reinterpret pc=0x0000000002bd8e50 method=com.android.dx.ssa.SsaMethod.getExitBlock()Lcom/android/dx/ssa/SsaBasicBlock; @ 4

Internal exceptions (8 events):
Event: 0.019 Thread 0x000000000202d800 Exception <a 'java/lang/NoSuchMethodError': Method sun.misc.Unsafe.defineClass(Ljava/lang/String;[BII)Ljava/lang/Class; name or signature does not match> (0x00000000eab07cc0) thrown at [C:\src\android\AOSP-openjdk\external\jetbrains\jdk\hotspot\src\share\v§5€Lš¢“?
Event: 0.019 Thread 0x000000000202d800 Exception <a 'java/lang/NoSuchMethodError': Method sun.misc.Unsafe.prefetchRead(Ljava/lang/Object;J)V name or signature does not match> (0x00000000eab07fa8) thrown at [C:\src\android\AOSP-openjdk\external\jetbrains\jdk\hotspot\src\share\vm\prims\jni.cpp, lN„â´á?
Event: 0.533 Thread 0x0000000056b65800 Implicit null exception at 0x00000000029d9ddb to 0x00000000029dc4a1
Event: 0.533 Thread 0x0000000056b65800 Implicit null exception at 0x00000000029cc038 to 0x00000000029ce6cd
Event: 0.537 Thread 0x0000000056b65800 Implicit null exception at 0x0000000002a14c52 to 0x0000000002a14d42
Event: 0.631 Thread 0x0000000056b7e000 Exception <a 'java/lang/ArrayIndexOutOfBoundsException': 18> (0x00000000eb979580) thrown at [C:\src\android\AOSP-openjdk\external\jetbrains\jdk\hotspot\src\share\vm\interpreter\interpreterRuntime.cpp, line 366]
Event: 0.631 Thread 0x0000000056b7e000 Exception <a 'java/lang/ArrayIndexOutOfBoundsException': 145> (0x00000000eb97b100) thrown at [C:\src\android\AOSP-openjdk\external\jetbrains\jdk\hotspot\src\share\vm\interpreter\interpreterRuntime.cpp, line 366]
Event: 0.631 Thread 0x0000000056b7e000 Exception <a 'java/lang/ArrayIndexOutOfBoundsException': 40> (0x00000000eb97c3e8) thrown at [C:\src\android\AOSP-openjdk\external\jetbrains\jdk\hotspot\src\share\vm\interpreter\interpreterRuntime.cpp, line 366]

Events (10 events):
Event: 2.942 Thread 0x0000000056b7e000 DEOPT UNPACKING pc=0x000000000268556a sp=0x0000000057cae588 mode 2
Event: 2.942 Thread 0x0000000056b7e000 Uncommon trap: trap_request=0xffffff65 fr.pc=0x0000000002ddb560
Event: 2.942 Thread 0x0000000056b7e000 DEOPT PACKING pc=0x0000000002ddb560 sp=0x0000000057cae600
Event: 2.942 Thread 0x0000000056b7e000 DEOPT UNPACKING pc=0x000000000268556a sp=0x0000000057cae498 mode 2
Event: 2.942 Thread 0x0000000056b7e000 Uncommon trap: trap_request=0xffffff65 fr.pc=0x0000000002bd8e50
Event: 2.942 Thread 0x0000000056b7e000 DEOPT PACKING pc=0x0000000002bd8e50 sp=0x0000000057cae530
Event: 2.942 Thread 0x0000000056b7e000 DEOPT UNPACKING pc=0x000000000268556a sp=0x0000000057cae498 mode 2
Event: 2.971 Thread 0x000000000202d800 DEOPT PACKING pc=0x0000000002bf8e22 sp=0x000000000224e370
Event: 2.971 Thread 0x000000000202d800 DEOPT UNPACKING pc=0x00000000026871bf sp=0x000000000224e060 mode 0
Event: 3.068 Executing VM operation: ParallelGCFailedAllocation


Dynamic libraries:
0x000000013fb70000 - 0x000000013fba1000 	C:\Program Files\Android\Android Studio\jre\bin\java.exe
0x0000000077690000 - 0x000000007783b000 	C:\Windows\SYSTEM32\ntdll.dll
0x0000000077470000 - 0x000000007758f000 	C:\Windows\system32\kernel32.dll
0x000007fefd950000 - 0x000007fefd9bb000 	C:\Windows\system32\KERNELBASE.dll
0x000007feff7e0000 - 0x000007feff8bb000 	C:\Windows\system32\ADVAPI32.dll
0x000007feff0d0000 - 0x000007feff16f000 	C:\Windows\system32\msvcrt.dll
0x000007fefddd0000 - 0x000007fefddef000 	C:\Windows\SYSTEM32\sechost.dll
0x000007fefd9c0000 - 0x000007fefdaee000 	C:\Windows\system32\RPCRT4.dll
0x0000000077590000 - 0x000000007768a000 	C:\Windows\system32\USER32.dll
0x000007feff450000 - 0x000007feff4b7000 	C:\Windows\system32\GDI32.dll
0x000007feff960000 - 0x000007feff96e000 	C:\Windows\system32\LPK.dll
0x000007fefec20000 - 0x000007fefecea000 	C:\Windows\system32\USP10.dll
0x000007fefb970000 - 0x000007fefbb64000 	C:\Windows\WinSxS\amd64_microsoft.windows.common-controls_6595b64144ccf1df_6.0.7600.16385_none_fa645303170382f6\COMCTL32.dll
0x000007fefdbd0000 - 0x000007fefdc41000 	C:\Windows\system32\SHLWAPI.dll
0x000007feff7b0000 - 0x000007feff7de000 	C:\Windows\system32\IMM32.DLL
0x000007feff4c0000 - 0x000007feff5c9000 	C:\Windows\system32\MSCTF.dll
0x0000000060a00000 - 0x0000000060ad2000 	C:\Program Files\Android\Android Studio\jre\jre\bin\msvcr100.dll
0x000000006ba20000 - 0x000000006c254000 	C:\Program Files\Android\Android Studio\jre\jre\bin\server\jvm.dll
0x000007fef7bd0000 - 0x000007fef7bd9000 	C:\Windows\system32\WSOCK32.dll
0x000007feff1f0000 - 0x000007feff23d000 	C:\Windows\system32\WS2_32.dll
0x000007feff990000 - 0x000007feff998000 	C:\Windows\system32\NSI.dll
0x000007fef81f0000 - 0x000007fef822b000 	C:\Windows\system32\WINMM.dll
0x000007fefc760000 - 0x000007fefc76c000 	C:\Windows\system32\VERSION.dll
0x0000000077860000 - 0x0000000077867000 	C:\Windows\system32\PSAPI.DLL
0x000007fef7bc0000 - 0x000007fef7bcf000 	C:\Program Files\Android\Android Studio\jre\jre\bin\verify.dll
0x000007fef7a60000 - 0x000007fef7a89000 	C:\Program Files\Android\Android Studio\jre\jre\bin\java.dll
0x000007fef7a40000 - 0x000007fef7a56000 	C:\Program Files\Android\Android Studio\jre\jre\bin\zip.dll
0x000007fefde90000 - 0x000007fefec16000 	C:\Windows\system32\SHELL32.dll
0x000007feff240000 - 0x000007feff441000 	C:\Windows\system32\ole32.dll
0x000007fefd5f0000 - 0x000007fefd5ff000 	C:\Windows\system32\profapi.dll
0x000007fef80c0000 - 0x000007fef81e5000 	C:\Windows\system32\dbghelp.dll

VM Arguments:
jvm_args: -Djava.awt.headless=true -Xmx1024M -Dfile.encoding=windows-1252 -Duser.country=US -Duser.language=en -Duser.variant 
java_command: com.android.dx.command.Main --dex --num-threads=4 --multi-dex --main-dex-list E:\LLCS\app\build\intermediates\multi-dex\debug\maindexlist.txt --output E:\LLCS\app\build\intermediates\transforms\dex\debug\folders\1000\1f\main E:\LLCS\app\build\intermediates\transforms\jarMerging\debug\jars\1\1f\combined.jar
java_class_path (initial): E:\Android\sdk\build-tools\24.0.1\lib\dx.jar
Launcher Type: SUN_STANDARD

Environment Variables:
PATH=C:\Windows\system32;C:\Windows;C:\Windows\System32\Wbem;C:\Windows\System32\WindowsPowerShell\v1.0\;C:\Program Files (x86)\Skype\Phone\
USERNAME=Risein
OS=Windows_NT
PROCESSOR_IDENTIFIER=Intel64 Family 6 Model 58 Stepping 9, GenuineIntel



---------------  S Y S T E M  ---------------

OS: Windows 7 , 64 bit Build 7600 (6.1.7600.16385)

CPU:total 4 (4 cores per cpu, 1 threads per core) family 6 model 58 stepping 9, cmov, cx8, fxsr, mmx, sse, sse2, sse3, ssse3, sse4.1, sse4.2, popcnt, aes, clmul, erms, tsc, tscinvbit, tscinv

Memory: 4k page, physical 8284892k(3878880k free), swap 16567888k(12034952k free)

vm_info: OpenJDK 64-Bit Server VM (25.76-b03) for windows-amd64 JRE (1.8.0_76-release-b03), built on Jun 29 2016 19:09:20 by "ralucas" with MS VC++ 10.0 (VS2010)

time: Mon Dec 19 18:59:47 2016
elapsed time: 3 seconds (0d 0h 0m 3s)

