#
# A fatal error has been detected by the Java Runtime Environment:
#
#  EXCEPTION_ACCESS_VIOLATION (0xc0000005) at pc=0x000000006be667f7, pid=316, tid=0x0000000000000380
#
# JRE version: OpenJDK Runtime Environment (8.0_76-b03) (build 1.8.0_76-release-b03)
# Java VM: OpenJDK 64-Bit Server VM (25.76-b03 mixed mode windows-amd64 compressed oops)
# Problematic frame:
# V  [jvm.dll+0x4667f7]
#
# Failed to write core dump. Minidumps are not enabled by default on client versions of Windows
#
# If you would like to submit a bug report, please visit:
#   http://bugreport.java.com/bugreport/crash.jsp
#

---------------  T H R E A D  ---------------

Current thread (0x000000005506e000):  JavaThread "C2 CompilerThread1" daemon [_thread_in_native, id=896, stack(0x0000000056c50000,0x0000000056d50000)]

siginfo: ExceptionCode=0xc0000005, reading address 0x000000086c1ba418

Registers:
RAX=0x0000000000000000, RBX=0x0000000056d4bfa0, RCX=0x000000005782e580, RDX=0x00000000591d0ef0
RSP=0x0000000056d4be10, RBP=0x0000000056d4e7e0, RSI=0x0000000000000003, RDI=0x0000000000000018
R8 =0x0000000004000000, R9 =0x000000005782d8e0, R10=0x0000000000000004, R11=0x0000000056d4be20
R12=0x000000086c1ba418, R13=0x00000000591d0ef0, R14=0x000000006c1ba418, R15=0x0000000000000000
RIP=0x000000006be667f7, EFLAGS=0x0000000000010246

Top of Stack: (sp=0x0000000056d4be10)
0x0000000056d4be10:   0000000056d4bfa0 000000006be9c59a
0x0000000056d4be20:   0000000000000003 0000000057f0f9d0
0x0000000056d4be30:   000000005748afa0 000000000001cb60
0x0000000056d4be40:   0000000000000004 000000006be629dc
0x0000000056d4be50:   0000000056d4bf50 0000000056d4c420
0x0000000056d4be60:   000000005748b260 0000000000000221
0x0000000056d4be70:   0000000100000000 0000000000000004
0x0000000056d4be80:   0000000057f0f9d0 0000041a00000000
0x0000000056d4be90:   0000022100000003 00000000ffffffff
0x0000000056d4bea0:   0000000005155455 0000000000000000
0x0000000056d4beb0:   0000000000000000 0000000000000000
0x0000000056d4bec0:   0000000000000000 00000bea00000000
0x0000000056d4bed0:   0303030300000008 000000005782e5a0
0x0000000056d4bee0:   000000000000000e 0000000056d4bfb0
0x0000000056d4bef0:   000000000000000e 0000000056d4bfa0
0x0000000056d4bf00:   0000000000000001 0000000000000001 

Instructions: (pc=0x000000006be667f7)
0x000000006be667d7:   8d e8 07 00 00 48 8b 01 48 89 85 e8 07 00 00 33
0x000000006be667e7:   c0 48 89 01 48 89 41 08 48 89 41 10 48 89 41 18
0x000000006be667f7:   41 8b 04 24 89 01 41 8b 44 24 04 89 41 04 41 8b
0x000000006be66807:   44 24 08 89 41 08 41 8b 44 24 0c 89 41 0c 41 8b 


Register to memory mapping:

RAX=0x0000000000000000 is an unknown value
RBX=0x0000000056d4bfa0 is pointing into the stack for thread: 0x000000005506e000
RCX=0x000000005782e580 is an unknown value
RDX=0x00000000591d0ef0 is an unknown value
RSP=0x0000000056d4be10 is pointing into the stack for thread: 0x000000005506e000
RBP=0x0000000056d4e7e0 is pointing into the stack for thread: 0x000000005506e000
RSI=0x0000000000000003 is an unknown value
RDI=0x0000000000000018 is an unknown value
R8 =0x0000000004000000 is an unknown value
R9 =0x000000005782d8e0 is an unknown value
R10=0x0000000000000004 is an unknown value
R11=0x0000000056d4be20 is pointing into the stack for thread: 0x000000005506e000
R12=0x000000086c1ba418 is an unknown value
R13=0x00000000591d0ef0 is an unknown value
R14=0x000000006c1ba418 is an unknown value
R15=0x0000000000000000 is an unknown value


Stack: [0x0000000056c50000,0x0000000056d50000],  sp=0x0000000056d4be10,  free space=1007k
Native frames: (J=compiled Java code, j=interpreted, Vv=VM code, C=native code)
V  [jvm.dll+0x4667f7]
V  [jvm.dll+0x4629dc]
V  [jvm.dll+0x42ecb8]
V  [jvm.dll+0x43931b]
V  [jvm.dll+0x43badf]
V  [jvm.dll+0x41f212]
V  [jvm.dll+0x806e9]
V  [jvm.dll+0x8101f]
V  [jvm.dll+0x21bc14]
V  [jvm.dll+0x26b60a]
C  [msvcr100.dll+0x21d9f]
C  [msvcr100.dll+0x21e3b]
C  [kernel32.dll+0x1f56d]
C  [ntdll.dll+0x33281]


Current CompileTask:
C2:   9325 2318       4       com.android.dx.ssa.SCCP::simulatePhi (169 bytes)


---------------  P R O C E S S  ---------------

Java Threads: ( => current thread )
  0x0000000056b63000 JavaThread "pool-1-thread-4" [_thread_blocked, id=3256, stack(0x0000000057d60000,0x0000000057e60000)]
  0x0000000056b78000 JavaThread "pool-1-thread-3" [_thread_blocked, id=1012, stack(0x0000000057bf0000,0x0000000057cf0000)]
  0x0000000056b75800 JavaThread "pool-1-thread-2" [_thread_blocked, id=1756, stack(0x00000000578b0000,0x00000000579b0000)]
  0x0000000056b72000 JavaThread "pool-2-thread-1" [_thread_blocked, id=1248, stack(0x0000000057af0000,0x0000000057bf0000)]
  0x0000000056c3c800 JavaThread "pool-1-thread-1" [_thread_blocked, id=1748, stack(0x00000000579c0000,0x0000000057ac0000)]
  0x00000000568a5000 JavaThread "Service Thread" daemon [_thread_blocked, id=2492, stack(0x0000000056370000,0x0000000056470000)]
  0x000000005506f000 JavaThread "C1 CompilerThread2" daemon [_thread_blocked, id=292, stack(0x0000000056da0000,0x0000000056ea0000)]
=>0x000000005506e000 JavaThread "C2 CompilerThread1" daemon [_thread_in_native, id=896, stack(0x0000000056c50000,0x0000000056d50000)]
  0x0000000055068800 JavaThread "C2 CompilerThread0" daemon [_thread_in_native, id=2672, stack(0x0000000056740000,0x0000000056840000)]
  0x0000000055065800 JavaThread "Attach Listener" daemon [_thread_blocked, id=2000, stack(0x00000000565b0000,0x00000000566b0000)]
  0x0000000055063800 JavaThread "Signal Dispatcher" daemon [_thread_blocked, id=1028, stack(0x00000000564a0000,0x00000000565a0000)]
  0x0000000055046800 JavaThread "Finalizer" daemon [_thread_blocked, id=2180, stack(0x0000000056100000,0x0000000056200000)]
  0x0000000054fff800 JavaThread "Reference Handler" daemon [_thread_blocked, id=2436, stack(0x0000000055e80000,0x0000000055f80000)]
  0x000000000218d800 JavaThread "main" [_thread_blocked, id=2840, stack(0x00000000021b0000,0x00000000022b0000)]

Other Threads:
  0x0000000054ff8000 VMThread [stack: 0x0000000055f90000,0x0000000056090000] [id=2012]
  0x000000005506f800 WatcherThread [stack: 0x0000000056f70000,0x0000000057070000] [id=3896]

VM state:not at safepoint (normal execution)

VM Mutex/Monitor currently owned by a thread: None

Heap:
 PSYoungGen      total 290304K, used 86553K [0x00000000eab00000, 0x00000000fee00000, 0x0000000100000000)
  eden space 262144K, 23% used [0x00000000eab00000,0x00000000ee6e2238,0x00000000fab00000)
  from space 28160K, 89% used [0x00000000fca80000,0x00000000fe3241f0,0x00000000fe600000)
  to   space 32256K, 0% used [0x00000000fab00000,0x00000000fab00000,0x00000000fca80000)
 ParOldGen       total 87552K, used 45150K [0x00000000c0000000, 0x00000000c5580000, 0x00000000eab00000)
  object space 87552K, 51% used [0x00000000c0000000,0x00000000c2c17ab0,0x00000000c5580000)
 Metaspace       used 6470K, capacity 7218K, committed 7296K, reserved 1056768K
  class space    used 598K, capacity 618K, committed 640K, reserved 1048576K

Card table byte_map: [0x00000000119d0000,0x0000000011be0000] byte_map_base: 0x00000000113d0000

Marking Bits: (ParMarkBitMap*) 0x000000006c1b9d00
 Begin Bits: [0x0000000012470000, 0x0000000013470000)
 End Bits:   [0x0000000013470000, 0x0000000014470000)

Polling page: 0x0000000000330000

CodeCache: size=245760Kb used=11135Kb max_used=11151Kb free=234624Kb
 bounds [0x0000000002610000, 0x0000000003100000, 0x0000000011610000]
 total_blobs=2576 nmethods=2308 adapters=182
 compilation: enabled

Compilation events (10 events):
Event: 9.231 Thread 0x0000000055068800 nmethod 2461 0x00000000030c7010 code [0x00000000030c7200, 0x00000000030c7ed8]
Event: 9.231 Thread 0x0000000055068800 2458       4       com.android.dx.ssa.back.InterferenceGraph::<init> (42 bytes)
Event: 9.240 Thread 0x0000000055068800 nmethod 2458 0x00000000030bda90 code [0x00000000030bdc00, 0x00000000030be318]
Event: 9.240 Thread 0x0000000055068800 2462       4       com.android.dx.ssa.back.FirstFitLocalCombiningAllocator::handleUnassociatedParameters (60 bytes)
Event: 9.275 Thread 0x0000000055068800 nmethod 2462 0x00000000030f0350 code [0x00000000030f0580, 0x00000000030f1d40]
Event: 9.276 Thread 0x0000000055068800 2463       4       com.android.dx.cf.code.LocalVariableList::pcAndIndexToLocal (51 bytes)
Event: 9.278 Thread 0x0000000055068800 nmethod 2463 0x00000000030be810 code [0x00000000030be960, 0x00000000030beb78]
Event: 9.278 Thread 0x0000000055068800 2319       4       com.android.dx.util.LabeledList::<init> (57 bytes)
Event: 9.290 Thread 0x0000000055068800 nmethod 2319 0x00000000030bf4d0 code [0x00000000030bf660, 0x00000000030bff78]
Event: 9.290 Thread 0x0000000055068800 2464       4       com.android.dx.ssa.SsaConverter::edgeSplitMoveExceptionsAndResults (157 bytes)

GC Heap History (10 events):
Event: 1.522 GC heap before
{Heap before GC invocations=2 (full 0):
 PSYoungGen      total 38400K, used 38248K [0x00000000eab00000, 0x00000000ef600000, 0x0000000100000000)
  eden space 33280K, 100% used [0x00000000eab00000,0x00000000ecb80000,0x00000000ecb80000)
  from space 5120K, 97% used [0x00000000ecb80000,0x00000000ed05a090,0x00000000ed080000)
  to   space 5120K, 0% used [0x00000000ef100000,0x00000000ef100000,0x00000000ef600000)
 ParOldGen       total 87552K, used 8K [0x00000000c0000000, 0x00000000c5580000, 0x00000000eab00000)
  object space 87552K, 0% used [0x00000000c0000000,0x00000000c0002000,0x00000000c5580000)
 Metaspace       used 6046K, capacity 7024K, committed 7296K, reserved 1056768K
  class space    used 578K, capacity 616K, committed 640K, reserved 1048576K
Event: 1.532 GC heap after
Heap after GC invocations=2 (full 0):
 PSYoungGen      total 71680K, used 5088K [0x00000000eab00000, 0x00000000ef600000, 0x0000000100000000)
  eden space 66560K, 0% used [0x00000000eab00000,0x00000000eab00000,0x00000000eec00000)
  from space 5120K, 99% used [0x00000000ef100000,0x00000000ef5f8188,0x00000000ef600000)
  to   space 5120K, 0% used [0x00000000eec00000,0x00000000eec00000,0x00000000ef100000)
 ParOldGen       total 87552K, used 4448K [0x00000000c0000000, 0x00000000c5580000, 0x00000000eab00000)
  object space 87552K, 5% used [0x00000000c0000000,0x00000000c0458160,0x00000000c5580000)
 Metaspace       used 6046K, capacity 7024K, committed 7296K, reserved 1056768K
  class space    used 578K, capacity 616K, committed 640K, reserved 1048576K
}
Event: 1.969 GC heap before
{Heap before GC invocations=3 (full 0):
 PSYoungGen      total 71680K, used 71648K [0x00000000eab00000, 0x00000000ef600000, 0x0000000100000000)
  eden space 66560K, 100% used [0x00000000eab00000,0x00000000eec00000,0x00000000eec00000)
  from space 5120K, 99% used [0x00000000ef100000,0x00000000ef5f8188,0x00000000ef600000)
  to   space 5120K, 0% used [0x00000000eec00000,0x00000000eec00000,0x00000000ef100000)
 ParOldGen       total 87552K, used 4448K [0x00000000c0000000, 0x00000000c5580000, 0x00000000eab00000)
  object space 87552K, 5% used [0x00000000c0000000,0x00000000c0458160,0x00000000c5580000)
 Metaspace       used 6135K, capacity 7088K, committed 7296K, reserved 1056768K
  class space    used 578K, capacity 616K, committed 640K, reserved 1048576K
Event: 2.182 GC heap after
Heap after GC invocations=3 (full 0):
 PSYoungGen      total 71680K, used 5106K [0x00000000eab00000, 0x00000000f3700000, 0x0000000100000000)
  eden space 66560K, 0% used [0x00000000eab00000,0x00000000eab00000,0x00000000eec00000)
  from space 5120K, 99% used [0x00000000eec00000,0x00000000ef0fc8c8,0x00000000ef100000)
  to   space 5120K, 0% used [0x00000000f3200000,0x00000000f3200000,0x00000000f3700000)
 ParOldGen       total 87552K, used 14189K [0x00000000c0000000, 0x00000000c5580000, 0x00000000eab00000)
  object space 87552K, 16% used [0x00000000c0000000,0x00000000c0ddb420,0x00000000c5580000)
 Metaspace       used 6135K, capacity 7088K, committed 7296K, reserved 1056768K
  class space    used 578K, capacity 616K, committed 640K, reserved 1048576K
}
Event: 2.567 GC heap before
{Heap before GC invocations=4 (full 0):
 PSYoungGen      total 71680K, used 71666K [0x00000000eab00000, 0x00000000f3700000, 0x0000000100000000)
  eden space 66560K, 100% used [0x00000000eab00000,0x00000000eec00000,0x00000000eec00000)
  from space 5120K, 99% used [0x00000000eec00000,0x00000000ef0fc8c8,0x00000000ef100000)
  to   space 5120K, 0% used [0x00000000f3200000,0x00000000f3200000,0x00000000f3700000)
 ParOldGen       total 87552K, used 14189K [0x00000000c0000000, 0x00000000c5580000, 0x00000000eab00000)
  object space 87552K, 16% used [0x00000000c0000000,0x00000000c0ddb420,0x00000000c5580000)
 Metaspace       used 6139K, capacity 7088K, committed 7296K, reserved 1056768K
  class space    used 578K, capacity 616K, committed 640K, reserved 1048576K
Event: 2.688 GC heap after
Heap after GC invocations=4 (full 0):
 PSYoungGen      total 138240K, used 5096K [0x00000000eab00000, 0x00000000f3700000, 0x0000000100000000)
  eden space 133120K, 0% used [0x00000000eab00000,0x00000000eab00000,0x00000000f2d00000)
  from space 5120K, 99% used [0x00000000f3200000,0x00000000f36fa298,0x00000000f3700000)
  to   space 5120K, 0% used [0x00000000f2d00000,0x00000000f2d00000,0x00000000f3200000)
 ParOldGen       total 87552K, used 24150K [0x00000000c0000000, 0x00000000c5580000, 0x00000000eab00000)
  object space 87552K, 27% used [0x00000000c0000000,0x00000000c1795998,0x00000000c5580000)
 Metaspace       used 6139K, capacity 7088K, committed 7296K, reserved 1056768K
  class space    used 578K, capacity 616K, committed 640K, reserved 1048576K
}
Event: 7.883 GC heap before
{Heap before GC invocations=5 (full 0):
 PSYoungGen      total 138240K, used 138216K [0x00000000eab00000, 0x00000000f3700000, 0x0000000100000000)
  eden space 133120K, 100% used [0x00000000eab00000,0x00000000f2d00000,0x00000000f2d00000)
  from space 5120K, 99% used [0x00000000f3200000,0x00000000f36fa298,0x00000000f3700000)
  to   space 5120K, 0% used [0x00000000f2d00000,0x00000000f2d00000,0x00000000f3200000)
 ParOldGen       total 87552K, used 24150K [0x00000000c0000000, 0x00000000c5580000, 0x00000000eab00000)
  object space 87552K, 27% used [0x00000000c0000000,0x00000000c1795998,0x00000000c5580000)
 Metaspace       used 6448K, capacity 7218K, committed 7296K, reserved 1056768K
  class space    used 598K, capacity 618K, committed 640K, reserved 1048576K
Event: 7.955 GC heap after
Heap after GC invocations=5 (full 0):
 PSYoungGen      total 138240K, used 5102K [0x00000000eab00000, 0x00000000fe600000, 0x0000000100000000)
  eden space 133120K, 0% used [0x00000000eab00000,0x00000000eab00000,0x00000000f2d00000)
  from space 5120K, 99% used [0x00000000f2d00000,0x00000000f31fbab8,0x00000000f3200000)
  to   space 28160K, 0% used [0x00000000fca80000,0x00000000fca80000,0x00000000fe600000)
 ParOldGen       total 87552K, used 45150K [0x00000000c0000000, 0x00000000c5580000, 0x00000000eab00000)
  object space 87552K, 51% used [0x00000000c0000000,0x00000000c2c17ab0,0x00000000c5580000)
 Metaspace       used 6448K, capacity 7218K, committed 7296K, reserved 1056768K
  class space    used 598K, capacity 618K, committed 640K, reserved 1048576K
}
Event: 8.144 GC heap before
{Heap before GC invocations=6 (full 0):
 PSYoungGen      total 138240K, used 138222K [0x00000000eab00000, 0x00000000fe600000, 0x0000000100000000)
  eden space 133120K, 100% used [0x00000000eab00000,0x00000000f2d00000,0x00000000f2d00000)
  from space 5120K, 99% used [0x00000000f2d00000,0x00000000f31fbab8,0x00000000f3200000)
  to   space 28160K, 0% used [0x00000000fca80000,0x00000000fca80000,0x00000000fe600000)
 ParOldGen       total 87552K, used 45150K [0x00000000c0000000, 0x00000000c5580000, 0x00000000eab00000)
  object space 87552K, 51% used [0x00000000c0000000,0x00000000c2c17ab0,0x00000000c5580000)
 Metaspace       used 6466K, capacity 7218K, committed 7296K, reserved 1056768K
  class space    used 598K, capacity 618K, committed 640K, reserved 1048576K
Event: 8.663 GC heap after
Heap after GC invocations=6 (full 0):
 PSYoungGen      total 290304K, used 25232K [0x00000000eab00000, 0x00000000fee00000, 0x0000000100000000)
  eden space 262144K, 0% used [0x00000000eab00000,0x00000000eab00000,0x00000000fab00000)
  from space 28160K, 89% used [0x00000000fca80000,0x00000000fe3241f0,0x00000000fe600000)
  to   space 32256K, 0% used [0x00000000fab00000,0x00000000fab00000,0x00000000fca80000)
 ParOldGen       total 87552K, used 45150K [0x00000000c0000000, 0x00000000c5580000, 0x00000000eab00000)
  object space 87552K, 51% used [0x00000000c0000000,0x00000000c2c17ab0,0x00000000c5580000)
 Metaspace       used 6466K, capacity 7218K, committed 7296K, reserved 1056768K
  class space    used 598K, capacity 618K, committed 640K, reserved 1048576K
}

Deoptimization events (10 events):
Event: 7.958 Thread 0x0000000056c3c800 Uncommon trap: reason=bimorphic action=maybe_recompile pc=0x0000000002fbe5b0 method=com.android.dx.cf.code.BytecodeArray.parseInstruction(ILcom/android/dx/cf/code/BytecodeArray$Visitor;)I @ 1357
Event: 7.959 Thread 0x0000000056c3c800 Uncommon trap: reason=bimorphic action=maybe_recompile pc=0x0000000002fbe5b0 method=com.android.dx.cf.code.BytecodeArray.parseInstruction(ILcom/android/dx/cf/code/BytecodeArray$Visitor;)I @ 1357
Event: 7.961 Thread 0x0000000056b75800 Uncommon trap: reason=bimorphic action=maybe_recompile pc=0x0000000002d3d3d4 method=com.android.dx.ssa.LiteralOpUpgrader.tryReplacingWithConstant(Lcom/android/dx/ssa/NormalSsaInsn;)Z @ 62
Event: 7.961 Thread 0x0000000056b75800 Uncommon trap: reason=unstable_if action=reinterpret pc=0x0000000002d08794 method=com.android.dx.ssa.LiteralOpUpgrader$1.visitNonMoveInsn(Lcom/android/dx/ssa/NormalSsaInsn;)V @ 24
Event: 7.963 Thread 0x0000000056b75800 Uncommon trap: reason=bimorphic action=maybe_recompile pc=0x0000000002d3d3d4 method=com.android.dx.ssa.LiteralOpUpgrader.tryReplacingWithConstant(Lcom/android/dx/ssa/NormalSsaInsn;)Z @ 62
Event: 7.972 Thread 0x0000000056b63000 Uncommon trap: reason=unstable_if action=reinterpret pc=0x0000000002a654d4 method=com.android.dx.ssa.SsaMethod.getExitBlock()Lcom/android/dx/ssa/SsaBasicBlock; @ 4
Event: 7.973 Thread 0x0000000056b63000 Uncommon trap: reason=unstable_if action=reinterpret pc=0x0000000002ea2308 method=com.android.dx.ssa.SsaMethod.getExitBlock()Lcom/android/dx/ssa/SsaBasicBlock; @ 4
Event: 8.051 Thread 0x0000000056b75800 Uncommon trap: reason=unstable_if action=reinterpret pc=0x0000000002fdd95c method=com.android.dx.ssa.PhiTypeResolver.run()V @ 91
Event: 8.983 Thread 0x0000000056b75800 Uncommon trap: reason=unstable_if action=reinterpret pc=0x000000000308cacc method=com.android.dx.cf.code.BytecodeArray.parseInstruction(ILcom/android/dx/cf/code/BytecodeArray$Visitor;)I @ 1261
Event: 9.042 Thread 0x0000000056b78000 Uncommon trap: reason=unstable_if action=reinterpret pc=0x0000000002e766ac method=com.android.dx.rop.code.LocalVariableExtractor.processBlock(I)V @ 208

Internal exceptions (8 events):
Event: 0.021 Thread 0x000000000218d800 Exception <a 'java/lang/NoSuchMethodError': Method sun.misc.Unsafe.defineClass(Ljava/lang/String;[BII)Ljava/lang/Class; name or signature does not match> (0x00000000eab07cc0) thrown at [C:\src\android\AOSP-openjdk\external\jetbrains\jdk\hotspot\src\share\vºvZ€Á+•?
Event: 0.021 Thread 0x000000000218d800 Exception <a 'java/lang/NoSuchMethodError': Method sun.misc.Unsafe.prefetchRead(Ljava/lang/Object;J)V name or signature does not match> (0x00000000eab07fa8) thrown at [C:\src\android\AOSP-openjdk\external\jetbrains\jdk\hotspot\src\share\vm\prims\jni.cpp, l
¶Ä
Event: 2.821 Thread 0x0000000056b75800 Implicit null exception at 0x0000000002c49bed to 0x0000000002c4c899
Event: 4.566 Thread 0x0000000056b78000 Implicit null exception at 0x0000000002db6dc8 to 0x0000000002dbcfcd
Event: 6.289 Thread 0x0000000056c3c800 Implicit null exception at 0x0000000002cc7369 to 0x0000000002cc8871
Event: 6.475 Thread 0x000000000218d800 Exception <a 'java/lang/ArrayIndexOutOfBoundsException': 18> (0x00000000efd52ae0) thrown at [C:\src\android\AOSP-openjdk\external\jetbrains\jdk\hotspot\src\share\vm\interpreter\interpreterRuntime.cpp, line 366]
Event: 6.476 Thread 0x000000000218d800 Exception <a 'java/lang/ArrayIndexOutOfBoundsException'> (0x00000000efd54660) thrown at [C:\src\android\AOSP-openjdk\external\jetbrains\jdk\hotspot\src\share\vm\runtime\sharedRuntime.cpp, line 605]
Event: 6.476 Thread 0x000000000218d800 Exception <a 'java/lang/ArrayIndexOutOfBoundsException'> (0x00000000efd55948) thrown at [C:\src\android\AOSP-openjdk\external\jetbrains\jdk\hotspot\src\share\vm\runtime\sharedRuntime.cpp, line 605]

Events (10 events):
Event: 9.042 Thread 0x0000000056b78000 DEOPT PACKING pc=0x0000000002e766ac sp=0x0000000057ceee80
Event: 9.042 Thread 0x0000000056b78000 DEOPT UNPACKING pc=0x000000000265556a sp=0x0000000057ceee08 mode 2
Event: 9.054 Thread 0x0000000056b75800 DEOPT PACKING pc=0x0000000002bec261 sp=0x00000000579ae830
Event: 9.054 Thread 0x0000000056b75800 DEOPT UNPACKING pc=0x00000000026571bf sp=0x00000000579ae590 mode 0
Event: 9.102 Thread 0x0000000056b78000 DEOPT PACKING pc=0x0000000002f8fe6d sp=0x0000000057ceeb30
Event: 9.102 Thread 0x0000000056b78000 DEOPT UNPACKING pc=0x00000000026571bf sp=0x0000000057cee970 mode 0
Event: 9.115 Thread 0x0000000056b63000 DEOPT PACKING pc=0x0000000002be192f sp=0x0000000057e5e760
Event: 9.115 Thread 0x0000000056b63000 DEOPT UNPACKING pc=0x00000000026571bf sp=0x0000000057e5e548 mode 0
Event: 9.290 Thread 0x0000000056b75800 DEOPT PACKING pc=0x0000000002f8fc5a sp=0x00000000579ae5e0
Event: 9.290 Thread 0x0000000056b75800 DEOPT UNPACKING pc=0x00000000026571bf sp=0x00000000579ae420 mode 0


Dynamic libraries:
0x000000013fc60000 - 0x000000013fc91000 	C:\Program Files\Android\Android Studio\jre\bin\java.exe
0x0000000077690000 - 0x000000007783b000 	C:\Windows\SYSTEM32\ntdll.dll
0x0000000077470000 - 0x000000007758f000 	C:\Windows\system32\kernel32.dll
0x000007fefd950000 - 0x000007fefd9bb000 	C:\Windows\system32\KERNELBASE.dll
0x000007feff7e0000 - 0x000007feff8bb000 	C:\Windows\system32\ADVAPI32.dll
0x000007feff0d0000 - 0x000007feff16f000 	C:\Windows\system32\msvcrt.dll
0x000007fefddd0000 - 0x000007fefddef000 	C:\Windows\SYSTEM32\sechost.dll
0x000007fefd9c0000 - 0x000007fefdaee000 	C:\Windows\system32\RPCRT4.dll
0x0000000077590000 - 0x000000007768a000 	C:\Windows\system32\USER32.dll
0x000007feff450000 - 0x000007feff4b7000 	C:\Windows\system32\GDI32.dll
0x000007feff960000 - 0x000007feff96e000 	C:\Windows\system32\LPK.dll
0x000007fefec20000 - 0x000007fefecea000 	C:\Windows\system32\USP10.dll
0x000007fefb970000 - 0x000007fefbb64000 	C:\Windows\WinSxS\amd64_microsoft.windows.common-controls_6595b64144ccf1df_6.0.7600.16385_none_fa645303170382f6\COMCTL32.dll
0x000007fefdbd0000 - 0x000007fefdc41000 	C:\Windows\system32\SHLWAPI.dll
0x000007feff7b0000 - 0x000007feff7de000 	C:\Windows\system32\IMM32.DLL
0x000007feff4c0000 - 0x000007feff5c9000 	C:\Windows\system32\MSCTF.dll
0x000000006caa0000 - 0x000000006cb72000 	C:\Program Files\Android\Android Studio\jre\jre\bin\msvcr100.dll
0x000000006ba00000 - 0x000000006c234000 	C:\Program Files\Android\Android Studio\jre\jre\bin\server\jvm.dll
0x000007fef4930000 - 0x000007fef4939000 	C:\Windows\system32\WSOCK32.dll
0x000007feff1f0000 - 0x000007feff23d000 	C:\Windows\system32\WS2_32.dll
0x000007feff990000 - 0x000007feff998000 	C:\Windows\system32\NSI.dll
0x000007fef81f0000 - 0x000007fef822b000 	C:\Windows\system32\WINMM.dll
0x000007fefc760000 - 0x000007fefc76c000 	C:\Windows\system32\VERSION.dll
0x0000000077860000 - 0x0000000077867000 	C:\Windows\system32\PSAPI.DLL
0x000007fef3aa0000 - 0x000007fef3aaf000 	C:\Program Files\Android\Android Studio\jre\jre\bin\verify.dll
0x000007fef38a0000 - 0x000007fef38c9000 	C:\Program Files\Android\Android Studio\jre\jre\bin\java.dll
0x000007fef3690000 - 0x000007fef36a6000 	C:\Program Files\Android\Android Studio\jre\jre\bin\zip.dll
0x000007fefde90000 - 0x000007fefec16000 	C:\Windows\system32\SHELL32.dll
0x000007feff240000 - 0x000007feff441000 	C:\Windows\system32\ole32.dll
0x000007fefd5f0000 - 0x000007fefd5ff000 	C:\Windows\system32\profapi.dll
0x000007fef80c0000 - 0x000007fef81e5000 	C:\Windows\system32\dbghelp.dll

VM Arguments:
jvm_args: -Djava.awt.headless=true -Xmx1024M -Dfile.encoding=windows-1252 -Duser.country=US -Duser.language=en -Duser.variant 
java_command: com.android.dx.command.Main --dex --num-threads=4 --output E:\LLCS\app\build\intermediates\pre-dexed\debug\com.android.support-support-v4-24.1.1_bf1010d2bed13927d59f1536f91160bc4e99c3f7.jar E:\LLCS\app\build\intermediates\exploded-aar\com.android.support\support-v4\24.1.1\jars\classes.jar
java_class_path (initial): E:\Android\sdk\build-tools\24.0.1\lib\dx.jar
Launcher Type: SUN_STANDARD

Environment Variables:
PATH=C:\Windows\system32;C:\Windows;C:\Windows\System32\Wbem;C:\Windows\System32\WindowsPowerShell\v1.0\;C:\Program Files (x86)\Skype\Phone\
USERNAME=Risein
OS=Windows_NT
PROCESSOR_IDENTIFIER=Intel64 Family 6 Model 58 Stepping 9, GenuineIntel



---------------  S Y S T E M  ---------------

OS: Windows 7 , 64 bit Build 7600 (6.1.7600.16385)

CPU:total 4 (4 cores per cpu, 1 threads per core) family 6 model 58 stepping 9, cmov, cx8, fxsr, mmx, sse, sse2, sse3, ssse3, sse4.1, sse4.2, popcnt, aes, clmul, erms, tsc, tscinvbit, tscinv

Memory: 4k page, physical 8284892k(4716328k free), swap 16567888k(12184672k free)

vm_info: OpenJDK 64-Bit Server VM (25.76-b03) for windows-amd64 JRE (1.8.0_76-release-b03), built on Jun 29 2016 19:09:20 by "ralucas" with MS VC++ 10.0 (VS2010)

time: Mon Dec 19 17:19:00 2016
elapsed time: 9 seconds (0d 0h 0m 9s)

